Using pre-set license
Built from '2021.3/staging' branch; Version is '2021.3.6f1 (7da38d85baf6) revision 8233869'; Using compiler version '192829333'; Build Type 'Release'
OS: 'Windows 10  (10.0.19043) 64bit Enterprise' Language: 'zh' Physical Memory: 32603 MB
BatchMode: 1, IsHumanControllingUs: 0, StartBugReporterOnCrash: 0, Is64bit: 1, IsPro: 1

COMMAND LINE ARGUMENTS:
C:\Program Files\Unity\Hub\Editor\2021.3.6f1\Editor\Unity.exe
-adb2
-batchMode
-noUpm
-name
AssetImportWorker1
-projectPath
C:/Users/mocheng/addressable
-logFile
Logs/AssetImportWorker1.log
-srvPort
62057
Successfully changed project path to: C:/Users/mocheng/addressable
C:/Users/mocheng/addressable
[UnityMemory] Configuration Parameters - Can be set up in boot.config
    "memorysetup-bucket-allocator-granularity=16"
    "memorysetup-bucket-allocator-bucket-count=8"
    "memorysetup-bucket-allocator-block-size=33554432"
    "memorysetup-bucket-allocator-block-count=8"
    "memorysetup-main-allocator-block-size=16777216"
    "memorysetup-thread-allocator-block-size=16777216"
    "memorysetup-gfx-main-allocator-block-size=16777216"
    "memorysetup-gfx-thread-allocator-block-size=16777216"
    "memorysetup-cache-allocator-block-size=4194304"
    "memorysetup-typetree-allocator-block-size=2097152"
    "memorysetup-profiler-bucket-allocator-granularity=16"
    "memorysetup-profiler-bucket-allocator-bucket-count=8"
    "memorysetup-profiler-bucket-allocator-block-size=33554432"
    "memorysetup-profiler-bucket-allocator-block-count=8"
    "memorysetup-profiler-allocator-block-size=16777216"
    "memorysetup-profiler-editor-allocator-block-size=1048576"
    "memorysetup-temp-allocator-size-main=16777216"
    "memorysetup-job-temp-allocator-block-size=2097152"
    "memorysetup-job-temp-allocator-block-size-background=1048576"
    "memorysetup-job-temp-allocator-reduction-small-platforms=262144"
    "memorysetup-temp-allocator-size-background-worker=32768"
    "memorysetup-temp-allocator-size-job-worker=262144"
    "memorysetup-temp-allocator-size-preload-manager=33554432"
    "memorysetup-temp-allocator-size-nav-mesh-worker=65536"
    "memorysetup-temp-allocator-size-audio-worker=65536"
    "memorysetup-temp-allocator-size-cloud-worker=32768"
    "memorysetup-temp-allocator-size-gi-baking-worker=262144"
    "memorysetup-temp-allocator-size-gfx=262144"
Refreshing native plugins compatible for Editor in 187.19 ms, found 3 plugins.
Preloading 0 native plugins for Editor in 0.00 ms.
Initialize engine version: 2021.3.6f1 (7da38d85baf6)
[Subsystems] Discovering subsystems at path C:/Program Files/Unity/Hub/Editor/2021.3.6f1/Editor/Data/Resources/UnitySubsystems
[Subsystems] Discovering subsystems at path C:/Users/mocheng/addressable/Assets
GfxDevice: creating device client; threaded=0; jobified=0
Direct3D:
    Version:  Direct3D 11.0 [level 11.1]
    Renderer: NVIDIA GeForce GTX 1060 6GB (ID=0x1c03)
    Vendor:   NVIDIA
    VRAM:     6052 MB
    Driver:   27.21.14.5751
Initialize mono
Mono path[0] = 'C:/Program Files/Unity/Hub/Editor/2021.3.6f1/Editor/Data/Managed'
Mono path[1] = 'C:/Program Files/Unity/Hub/Editor/2021.3.6f1/Editor/Data/MonoBleedingEdge/lib/mono/unityjit-win32'
Mono config path = 'C:/Program Files/Unity/Hub/Editor/2021.3.6f1/Editor/Data/MonoBleedingEdge/etc'
Using monoOptions --debugger-agent=transport=dt_socket,embedding=1,server=y,suspend=n,address=127.0.0.1:56968
Begin MonoManager ReloadAssembly
Registering precompiled unity dll's ...
Register platform support module: C:/Program Files/Unity/Hub/Editor/2021.3.6f1/Editor/Data/PlaybackEngines/WindowsStandaloneSupport/UnityEditor.WindowsStandalone.Extensions.dll
Registered in 0.010976 seconds.
Native extension for WindowsStandalone target not found
Refreshing native plugins compatible for Editor in 197.76 ms, found 3 plugins.
Preloading 0 native plugins for Editor in 0.00 ms.
Mono: successfully reloaded assembly
- Completed reload, in  1.336 seconds
Domain Reload Profiling:
	ReloadAssembly (1338ms)
		BeginReloadAssembly (149ms)
			ExecutionOrderSort (0ms)
			DisableScriptedObjects (0ms)
			BackupInstance (0ms)
			ReleaseScriptingObjects (0ms)
			CreateAndSetChildDomain (1ms)
		EndReloadAssembly (1002ms)
			LoadAssemblies (147ms)
			RebuildTransferFunctionScriptingTraits (0ms)
			SetupTypeCache (199ms)
			ReleaseScriptCaches (0ms)
			RebuildScriptCaches (75ms)
			SetupLoadedEditorAssemblies (614ms)
				LogAssemblyErrors (0ms)
				InitializePlatformSupportModulesInManaged (16ms)
				SetLoadedEditorAssemblies (0ms)
				RefreshPlugins (198ms)
				BeforeProcessingInitializeOnLoad (2ms)
				ProcessInitializeOnLoadAttributes (268ms)
				ProcessInitializeOnLoadMethodAttributes (130ms)
				AfterProcessingInitializeOnLoad (0ms)
				EditorAssembliesLoaded (0ms)
			ExecutionOrderSort2 (0ms)
			AwakeInstancesAfterBackupRestoration (0ms)
Platform modules already initialized, skipping
Registering precompiled user dll's ...
Registered in 0.051204 seconds.
Begin MonoManager ReloadAssembly
Symbol file LoadedFromMemory doesn't match image C:\Users\mocheng\addressable\Library\PackageCache\com.unity.visualscripting@1.7.8\Editor\VisualScripting.Core\Dependencies\YamlDotNet\Unity.VisualScripting.YamlDotNet.dll
Symbol file LoadedFromMemory doesn't match image C:\Users\mocheng\addressable\Library\PackageCache\com.unity.visualscripting@1.7.8\Editor\VisualScripting.Core\Dependencies\DotNetZip\Unity.VisualScripting.IonicZip.dll
Native extension for WindowsStandalone target not found
Refreshing native plugins compatible for Editor in 217.33 ms, found 3 plugins.
Preloading 0 native plugins for Editor in 0.00 ms.
Default path variable Local.LoadPath not found when initializing BundledAssetGroupSchema. Please manually set the path via the groups window.
UnityEngine.StackTraceUtility:ExtractStackTrace ()
UnityEngine.DebugLogHandler:LogFormat (UnityEngine.LogType,UnityEngine.Object,string,object[])
UnityEngine.Logger:Log (UnityEngine.LogType,object)
UnityEngine.Debug:LogWarning (object)
UnityEditor.AddressableAssets.Settings.GroupSchemas.BundledAssetGroupSchema:SetPathVariable (UnityEditor.AddressableAssets.Settings.AddressableAssetSettings,UnityEditor.AddressableAssets.Settings.ProfileValueReference&,string,string,System.Collections.Generic.List`1<string>) (at Library/PackageCache/com.unity.addressables@1.19.19/Editor/Settings/GroupSchemas/BundledAssetGroupSchema.cs:561)
UnityEditor.AddressableAssets.Settings.GroupSchemas.BundledAssetGroupSchema:Validate () (at Library/PackageCache/com.unity.addressables@1.19.19/Editor/Settings/GroupSchemas/BundledAssetGroupSchema.cs:571)
UnityEditor.AddressableAssets.Settings.AddressableAssetGroup:Validate () (at Library/PackageCache/com.unity.addressables@1.19.19/Editor/Settings/AddressableAssetGroup.cs:448)
UnityEditor.AddressableAssets.Settings.AddressableAssetGroup:OnEnable () (at Library/PackageCache/com.unity.addressables@1.19.19/Editor/Settings/AddressableAssetGroup.cs:428)
UnityEditor.AssetDatabase:LoadAssetAtPath<UnityEditor.AddressableAssets.Settings.AddressableAssetSettings> (string)
UnityEditor.AddressableAssets.AddressableAssetSettingsDefaultObject:LoadSettingsObject () (at Library/PackageCache/com.unity.addressables@1.19.19/Editor/AddressableAssetSettingsDefaultObject.cs:62)
UnityEditor.AddressableAssets.AddressableAssetSettingsDefaultObject:get_Settings () (at Library/PackageCache/com.unity.addressables@1.19.19/Editor/AddressableAssetSettingsDefaultObject.cs:114)
UnityEditor.AddressableAssets.AddressableEditorInitialization:.cctor () (at Library/PackageCache/com.unity.addressables@1.19.19/Editor/AddressableEditorInitialization.cs:20)
System.Runtime.CompilerServices.RuntimeHelpers:RunClassConstructor (System.RuntimeTypeHandle)
UnityEditor.EditorAssemblies:ProcessInitializeOnLoadAttributes (System.Type[])

(Filename: Library/PackageCache/com.unity.addressables@1.19.19/Editor/Settings/GroupSchemas/BundledAssetGroupSchema.cs Line: 561)

Mono: successfully reloaded assembly
- Completed reload, in  2.988 seconds
Domain Reload Profiling:
	ReloadAssembly (2989ms)
		BeginReloadAssembly (145ms)
			ExecutionOrderSort (0ms)
			DisableScriptedObjects (6ms)
			BackupInstance (0ms)
			ReleaseScriptingObjects (0ms)
			CreateAndSetChildDomain (21ms)
		EndReloadAssembly (2721ms)
			LoadAssemblies (133ms)
			RebuildTransferFunctionScriptingTraits (0ms)
			SetupTypeCache (481ms)
			ReleaseScriptCaches (2ms)
			RebuildScriptCaches (177ms)
			SetupLoadedEditorAssemblies (1779ms)
				LogAssemblyErrors (0ms)
				InitializePlatformSupportModulesInManaged (10ms)
				SetLoadedEditorAssemblies (0ms)
				RefreshPlugins (217ms)
				BeforeProcessingInitializeOnLoad (481ms)
				ProcessInitializeOnLoadAttributes (730ms)
				ProcessInitializeOnLoadMethodAttributes (333ms)
				AfterProcessingInitializeOnLoad (6ms)
				EditorAssembliesLoaded (1ms)
			ExecutionOrderSort2 (0ms)
			AwakeInstancesAfterBackupRestoration (16ms)
Platform modules already initialized, skipping
========================================================================
Worker process is ready to serve import requests
Launched and connected shader compiler UnityShaderCompiler.exe after 0.09 seconds
Refreshing native plugins compatible for Editor in 2.44 ms, found 3 plugins.
Preloading 0 native plugins for Editor in 0.00 ms.
Unloading 5544 Unused Serialized files (Serialized files now loaded: 0)
Unloading 37 unused Assets / (0.7 MB). Loaded Objects now: 5996.
Memory consumption went from 215.3 MB to 214.6 MB.
Total: 10.867800 ms (FindLiveObjects: 1.154500 ms CreateObjectMapping: 1.476200 ms MarkObjects: 7.439700 ms  DeleteObjects: 0.795000 ms)

AssetImportParameters requested are different than current active one (requested -> active):
  custom:video-decoder-ogg-theora: a1e56fd34408186e4bbccfd4996cb3dc -> 
  custom:container-muxer-webm: aa71ff27fc2769a1b78a27578f13a17b -> 
  custom:container-demuxer-webm: 4f35f7cbe854078d1ac9338744f61a02 -> 
  custom:video-encoder-webm-vp8: eb34c28f22e8b96e1ab97ce403110664 -> 
  custom:audio-encoder-webm-vorbis: bf7c407c2cedff20999df2af8eb42d56 -> 
  custom:framework-win-MediaFoundation: 216162199b28c13a410421893ffa2e32 -> 
  custom:container-demuxer-ogg: 62fdf1f143b41e24485cea50d1cbac27 -> 
  custom:video-decoder-webm-vp8: 9c59270c3fd7afecdb556c50c9e8de78 -> 
  custom:audio-decoder-ogg-vorbis: bf7c407c2cedff20999df2af8eb42d56 -> 
========================================================================
Received Prepare
Registering precompiled user dll's ...
Registered in 0.012961 seconds.
Begin MonoManager ReloadAssembly
Symbol file LoadedFromMemory doesn't match image C:\Users\mocheng\addressable\Library\PackageCache\com.unity.visualscripting@1.7.8\Editor\VisualScripting.Core\Dependencies\YamlDotNet\Unity.VisualScripting.YamlDotNet.dll
Symbol file LoadedFromMemory doesn't match image C:\Users\mocheng\addressable\Library\PackageCache\com.unity.visualscripting@1.7.8\Editor\VisualScripting.Core\Dependencies\DotNetZip\Unity.VisualScripting.IonicZip.dll
Native extension for WindowsStandalone target not found
Refreshing native plugins compatible for Editor in 1.97 ms, found 3 plugins.
Preloading 0 native plugins for Editor in 0.00 ms.
Default path variable Local.BuildPath not found when initializing BundledAssetGroupSchema. Please manually set the path via the groups window.
UnityEngine.StackTraceUtility:ExtractStackTrace ()
UnityEngine.DebugLogHandler:LogFormat (UnityEngine.LogType,UnityEngine.Object,string,object[])
UnityEngine.Logger:Log (UnityEngine.LogType,object)
UnityEngine.Debug:LogWarning (object)
UnityEditor.AddressableAssets.Settings.GroupSchemas.BundledAssetGroupSchema:SetPathVariable (UnityEditor.AddressableAssets.Settings.AddressableAssetSettings,UnityEditor.AddressableAssets.Settings.ProfileValueReference&,string,string,System.Collections.Generic.List`1<string>) (at Library/PackageCache/com.unity.addressables@1.19.19/Editor/Settings/GroupSchemas/BundledAssetGroupSchema.cs:561)
UnityEditor.AddressableAssets.Settings.GroupSchemas.BundledAssetGroupSchema:Validate () (at Library/PackageCache/com.unity.addressables@1.19.19/Editor/Settings/GroupSchemas/BundledAssetGroupSchema.cs:570)
UnityEditor.AddressableAssets.Settings.AddressableAssetGroup:Validate () (at Library/PackageCache/com.unity.addressables@1.19.19/Editor/Settings/AddressableAssetGroup.cs:448)
UnityEditor.AddressableAssets.Settings.AddressableAssetGroup:OnEnable () (at Library/PackageCache/com.unity.addressables@1.19.19/Editor/Settings/AddressableAssetGroup.cs:428)

(Filename: Library/PackageCache/com.unity.addressables@1.19.19/Editor/Settings/GroupSchemas/BundledAssetGroupSchema.cs Line: 561)

Default path variable Local.LoadPath not found when initializing BundledAssetGroupSchema. Please manually set the path via the groups window.
UnityEngine.StackTraceUtility:ExtractStackTrace ()
UnityEngine.DebugLogHandler:LogFormat (UnityEngine.LogType,UnityEngine.Object,string,object[])
UnityEngine.Logger:Log (UnityEngine.LogType,object)
UnityEngine.Debug:LogWarning (object)
UnityEditor.AddressableAssets.Settings.GroupSchemas.BundledAssetGroupSchema:SetPathVariable (UnityEditor.AddressableAssets.Settings.AddressableAssetSettings,UnityEditor.AddressableAssets.Settings.ProfileValueReference&,string,string,System.Collections.Generic.List`1<string>) (at Library/PackageCache/com.unity.addressables@1.19.19/Editor/Settings/GroupSchemas/BundledAssetGroupSchema.cs:561)
UnityEditor.AddressableAssets.Settings.GroupSchemas.BundledAssetGroupSchema:Validate () (at Library/PackageCache/com.unity.addressables@1.19.19/Editor/Settings/GroupSchemas/BundledAssetGroupSchema.cs:571)
UnityEditor.AddressableAssets.Settings.AddressableAssetGroup:Validate () (at Library/PackageCache/com.unity.addressables@1.19.19/Editor/Settings/AddressableAssetGroup.cs:448)
UnityEditor.AddressableAssets.Settings.AddressableAssetGroup:OnEnable () (at Library/PackageCache/com.unity.addressables@1.19.19/Editor/Settings/AddressableAssetGroup.cs:428)

(Filename: Library/PackageCache/com.unity.addressables@1.19.19/Editor/Settings/GroupSchemas/BundledAssetGroupSchema.cs Line: 561)

Default path variable Local.BuildPath not found when initializing BundledAssetGroupSchema. Please manually set the path via the groups window.
UnityEngine.StackTraceUtility:ExtractStackTrace ()
UnityEngine.DebugLogHandler:LogFormat (UnityEngine.LogType,UnityEngine.Object,string,object[])
UnityEngine.Logger:Log (UnityEngine.LogType,object)
UnityEngine.Debug:LogWarning (object)
UnityEditor.AddressableAssets.Settings.GroupSchemas.BundledAssetGroupSchema:SetPathVariable (UnityEditor.AddressableAssets.Settings.AddressableAssetSettings,UnityEditor.AddressableAssets.Settings.ProfileValueReference&,string,string,System.Collections.Generic.List`1<string>) (at Library/PackageCache/com.unity.addressables@1.19.19/Editor/Settings/GroupSchemas/BundledAssetGroupSchema.cs:561)
UnityEditor.AddressableAssets.Settings.GroupSchemas.BundledAssetGroupSchema:Validate () (at Library/PackageCache/com.unity.addressables@1.19.19/Editor/Settings/GroupSchemas/BundledAssetGroupSchema.cs:570)
UnityEditor.AddressableAssets.Settings.AddressableAssetGroup:Validate () (at Library/PackageCache/com.unity.addressables@1.19.19/Editor/Settings/AddressableAssetGroup.cs:448)
UnityEditor.AddressableAssets.Settings.AddressableAssetGroup:OnEnable () (at Library/PackageCache/com.unity.addressables@1.19.19/Editor/Settings/AddressableAssetGroup.cs:428)

(Filename: Library/PackageCache/com.unity.addressables@1.19.19/Editor/Settings/GroupSchemas/BundledAssetGroupSchema.cs Line: 561)

Default path variable Local.LoadPath not found when initializing BundledAssetGroupSchema. Please manually set the path via the groups window.
UnityEngine.StackTraceUtility:ExtractStackTrace ()
UnityEngine.DebugLogHandler:LogFormat (UnityEngine.LogType,UnityEngine.Object,string,object[])
UnityEngine.Logger:Log (UnityEngine.LogType,object)
UnityEngine.Debug:LogWarning (object)
UnityEditor.AddressableAssets.Settings.GroupSchemas.BundledAssetGroupSchema:SetPathVariable (UnityEditor.AddressableAssets.Settings.AddressableAssetSettings,UnityEditor.AddressableAssets.Settings.ProfileValueReference&,string,string,System.Collections.Generic.List`1<string>) (at Library/PackageCache/com.unity.addressables@1.19.19/Editor/Settings/GroupSchemas/BundledAssetGroupSchema.cs:561)
UnityEditor.AddressableAssets.Settings.GroupSchemas.BundledAssetGroupSchema:Validate () (at Library/PackageCache/com.unity.addressables@1.19.19/Editor/Settings/GroupSchemas/BundledAssetGroupSchema.cs:571)
UnityEditor.AddressableAssets.Settings.AddressableAssetGroup:Validate () (at Library/PackageCache/com.unity.addressables@1.19.19/Editor/Settings/AddressableAssetGroup.cs:448)
UnityEditor.AddressableAssets.Settings.AddressableAssetGroup:OnEnable () (at Library/PackageCache/com.unity.addressables@1.19.19/Editor/Settings/AddressableAssetGroup.cs:428)

(Filename: Library/PackageCache/com.unity.addressables@1.19.19/Editor/Settings/GroupSchemas/BundledAssetGroupSchema.cs Line: 561)

Default path variable Local.LoadPath not found when initializing BundledAssetGroupSchema. Please manually set the path via the groups window.
UnityEngine.StackTraceUtility:ExtractStackTrace ()
UnityEngine.DebugLogHandler:LogFormat (UnityEngine.LogType,UnityEngine.Object,string,object[])
UnityEngine.Logger:Log (UnityEngine.LogType,object)
UnityEngine.Debug:LogWarning (object)
UnityEditor.AddressableAssets.Settings.GroupSchemas.BundledAssetGroupSchema:SetPathVariable (UnityEditor.AddressableAssets.Settings.AddressableAssetSettings,UnityEditor.AddressableAssets.Settings.ProfileValueReference&,string,string,System.Collections.Generic.List`1<string>) (at Library/PackageCache/com.unity.addressables@1.19.19/Editor/Settings/GroupSchemas/BundledAssetGroupSchema.cs:561)
UnityEditor.AddressableAssets.Settings.GroupSchemas.BundledAssetGroupSchema:Validate () (at Library/PackageCache/com.unity.addressables@1.19.19/Editor/Settings/GroupSchemas/BundledAssetGroupSchema.cs:571)
UnityEditor.AddressableAssets.Settings.AddressableAssetGroup:Validate () (at Library/PackageCache/com.unity.addressables@1.19.19/Editor/Settings/AddressableAssetGroup.cs:448)
UnityEditor.AddressableAssets.Settings.AddressableAssetGroup:OnEnable () (at Library/PackageCache/com.unity.addressables@1.19.19/Editor/Settings/AddressableAssetGroup.cs:428)

(Filename: Library/PackageCache/com.unity.addressables@1.19.19/Editor/Settings/GroupSchemas/BundledAssetGroupSchema.cs Line: 561)

Default path variable Local.BuildPath not found when initializing BundledAssetGroupSchema. Please manually set the path via the groups window.
UnityEngine.StackTraceUtility:ExtractStackTrace ()
UnityEngine.DebugLogHandler:LogFormat (UnityEngine.LogType,UnityEngine.Object,string,object[])
UnityEngine.Logger:Log (UnityEngine.LogType,object)
UnityEngine.Debug:LogWarning (object)
UnityEditor.AddressableAssets.Settings.GroupSchemas.BundledAssetGroupSchema:SetPathVariable (UnityEditor.AddressableAssets.Settings.AddressableAssetSettings,UnityEditor.AddressableAssets.Settings.ProfileValueReference&,string,string,System.Collections.Generic.List`1<string>) (at Library/PackageCache/com.unity.addressables@1.19.19/Editor/Settings/GroupSchemas/BundledAssetGroupSchema.cs:561)
UnityEditor.AddressableAssets.Settings.GroupSchemas.BundledAssetGroupSchema:Validate () (at Library/PackageCache/com.unity.addressables@1.19.19/Editor/Settings/GroupSchemas/BundledAssetGroupSchema.cs:570)
UnityEditor.AddressableAssets.Settings.AddressableAssetGroup:Validate () (at Library/PackageCache/com.unity.addressables@1.19.19/Editor/Settings/AddressableAssetGroup.cs:448)
UnityEditor.AddressableAssets.Settings.AddressableAssetGroup:OnEnable () (at Library/PackageCache/com.unity.addressables@1.19.19/Editor/Settings/AddressableAssetGroup.cs:428)

(Filename: Library/PackageCache/com.unity.addressables@1.19.19/Editor/Settings/GroupSchemas/BundledAssetGroupSchema.cs Line: 561)

Default path variable Local.LoadPath not found when initializing BundledAssetGroupSchema. Please manually set the path via the groups window.
UnityEngine.StackTraceUtility:ExtractStackTrace ()
UnityEngine.DebugLogHandler:LogFormat (UnityEngine.LogType,UnityEngine.Object,string,object[])
UnityEngine.Logger:Log (UnityEngine.LogType,object)
UnityEngine.Debug:LogWarning (object)
UnityEditor.AddressableAssets.Settings.GroupSchemas.BundledAssetGroupSchema:SetPathVariable (UnityEditor.AddressableAssets.Settings.AddressableAssetSettings,UnityEditor.AddressableAssets.Settings.ProfileValueReference&,string,string,System.Collections.Generic.List`1<string>) (at Library/PackageCache/com.unity.addressables@1.19.19/Editor/Settings/GroupSchemas/BundledAssetGroupSchema.cs:561)
UnityEditor.AddressableAssets.Settings.GroupSchemas.BundledAssetGroupSchema:Validate () (at Library/PackageCache/com.unity.addressables@1.19.19/Editor/Settings/GroupSchemas/BundledAssetGroupSchema.cs:571)
UnityEditor.AddressableAssets.Settings.AddressableAssetGroup:Validate () (at Library/PackageCache/com.unity.addressables@1.19.19/Editor/Settings/AddressableAssetGroup.cs:448)
UnityEditor.AddressableAssets.Settings.AddressableAssetGroup:OnEnable () (at Library/PackageCache/com.unity.addressables@1.19.19/Editor/Settings/AddressableAssetGroup.cs:428)

(Filename: Library/PackageCache/com.unity.addressables@1.19.19/Editor/Settings/GroupSchemas/BundledAssetGroupSchema.cs Line: 561)

Mono: successfully reloaded assembly
- Completed reload, in  2.333 seconds
Domain Reload Profiling:
	ReloadAssembly (2334ms)
		BeginReloadAssembly (354ms)
			ExecutionOrderSort (0ms)
			DisableScriptedObjects (22ms)
			BackupInstance (0ms)
			ReleaseScriptingObjects (0ms)
			CreateAndSetChildDomain (107ms)
		EndReloadAssembly (1803ms)
			LoadAssemblies (304ms)
			RebuildTransferFunctionScriptingTraits (0ms)
			SetupTypeCache (402ms)
			ReleaseScriptCaches (5ms)
			RebuildScriptCaches (107ms)
			SetupLoadedEditorAssemblies (843ms)
				LogAssemblyErrors (0ms)
				InitializePlatformSupportModulesInManaged (17ms)
				SetLoadedEditorAssemblies (1ms)
				RefreshPlugins (2ms)
				BeforeProcessingInitializeOnLoad (136ms)
				ProcessInitializeOnLoadAttributes (493ms)
				ProcessInitializeOnLoadMethodAttributes (188ms)
				AfterProcessingInitializeOnLoad (6ms)
				EditorAssembliesLoaded (0ms)
			ExecutionOrderSort2 (0ms)
			AwakeInstancesAfterBackupRestoration (81ms)
Platform modules already initialized, skipping
Refreshing native plugins compatible for Editor in 6.88 ms, found 3 plugins.
Preloading 0 native plugins for Editor in 0.00 ms.
Unloading 5386 Unused Serialized files (Serialized files now loaded: 0)
Unloading 30 unused Assets / (0.7 MB). Loaded Objects now: 5999.
Memory consumption went from 205.1 MB to 204.4 MB.
Total: 14.894100 ms (FindLiveObjects: 2.573400 ms CreateObjectMapping: 2.127500 ms MarkObjects: 9.240200 ms  DeleteObjects: 0.950500 ms)

AssetImportParameters requested are different than current active one (requested -> active):
  custom:video-decoder-ogg-theora: a1e56fd34408186e4bbccfd4996cb3dc -> 
  custom:container-muxer-webm: aa71ff27fc2769a1b78a27578f13a17b -> 
  custom:container-demuxer-webm: 4f35f7cbe854078d1ac9338744f61a02 -> 
  custom:video-encoder-webm-vp8: eb34c28f22e8b96e1ab97ce403110664 -> 
  custom:audio-encoder-webm-vorbis: bf7c407c2cedff20999df2af8eb42d56 -> 
  custom:framework-win-MediaFoundation: 216162199b28c13a410421893ffa2e32 -> 
  custom:container-demuxer-ogg: 62fdf1f143b41e24485cea50d1cbac27 -> 
  custom:video-decoder-webm-vp8: 9c59270c3fd7afecdb556c50c9e8de78 -> 
  custom:audio-decoder-ogg-vorbis: bf7c407c2cedff20999df2af8eb42d56 -> 
========================================================================
Received Prepare
Registering precompiled user dll's ...
Registered in 0.009874 seconds.
Begin MonoManager ReloadAssembly
Symbol file LoadedFromMemory doesn't match image C:\Users\mocheng\addressable\Library\PackageCache\com.unity.visualscripting@1.7.8\Editor\VisualScripting.Core\Dependencies\YamlDotNet\Unity.VisualScripting.YamlDotNet.dll
Symbol file LoadedFromMemory doesn't match image C:\Users\mocheng\addressable\Library\PackageCache\com.unity.visualscripting@1.7.8\Editor\VisualScripting.Core\Dependencies\DotNetZip\Unity.VisualScripting.IonicZip.dll
Native extension for WindowsStandalone target not found
Refreshing native plugins compatible for Editor in 1.30 ms, found 3 plugins.
Preloading 0 native plugins for Editor in 0.00 ms.
Default path variable Local.BuildPath not found when initializing BundledAssetGroupSchema. Please manually set the path via the groups window.
UnityEngine.StackTraceUtility:ExtractStackTrace ()
UnityEngine.DebugLogHandler:LogFormat (UnityEngine.LogType,UnityEngine.Object,string,object[])
UnityEngine.Logger:Log (UnityEngine.LogType,object)
UnityEngine.Debug:LogWarning (object)
UnityEditor.AddressableAssets.Settings.GroupSchemas.BundledAssetGroupSchema:SetPathVariable (UnityEditor.AddressableAssets.Settings.AddressableAssetSettings,UnityEditor.AddressableAssets.Settings.ProfileValueReference&,string,string,System.Collections.Generic.List`1<string>) (at Library/PackageCache/com.unity.addressables@1.19.19/Editor/Settings/GroupSchemas/BundledAssetGroupSchema.cs:561)
UnityEditor.AddressableAssets.Settings.GroupSchemas.BundledAssetGroupSchema:Validate () (at Library/PackageCache/com.unity.addressables@1.19.19/Editor/Settings/GroupSchemas/BundledAssetGroupSchema.cs:570)
UnityEditor.AddressableAssets.Settings.AddressableAssetGroup:Validate () (at Library/PackageCache/com.unity.addressables@1.19.19/Editor/Settings/AddressableAssetGroup.cs:448)
UnityEditor.AddressableAssets.Settings.AddressableAssetGroup:OnEnable () (at Library/PackageCache/com.unity.addressables@1.19.19/Editor/Settings/AddressableAssetGroup.cs:428)

(Filename: Library/PackageCache/com.unity.addressables@1.19.19/Editor/Settings/GroupSchemas/BundledAssetGroupSchema.cs Line: 561)

Default path variable Local.LoadPath not found when initializing BundledAssetGroupSchema. Please manually set the path via the groups window.
UnityEngine.StackTraceUtility:ExtractStackTrace ()
UnityEngine.DebugLogHandler:LogFormat (UnityEngine.LogType,UnityEngine.Object,string,object[])
UnityEngine.Logger:Log (UnityEngine.LogType,object)
UnityEngine.Debug:LogWarning (object)
UnityEditor.AddressableAssets.Settings.GroupSchemas.BundledAssetGroupSchema:SetPathVariable (UnityEditor.AddressableAssets.Settings.AddressableAssetSettings,UnityEditor.AddressableAssets.Settings.ProfileValueReference&,string,string,System.Collections.Generic.List`1<string>) (at Library/PackageCache/com.unity.addressables@1.19.19/Editor/Settings/GroupSchemas/BundledAssetGroupSchema.cs:561)
UnityEditor.AddressableAssets.Settings.GroupSchemas.BundledAssetGroupSchema:Validate () (at Library/PackageCache/com.unity.addressables@1.19.19/Editor/Settings/GroupSchemas/BundledAssetGroupSchema.cs:571)
UnityEditor.AddressableAssets.Settings.AddressableAssetGroup:Validate () (at Library/PackageCache/com.unity.addressables@1.19.19/Editor/Settings/AddressableAssetGroup.cs:448)
UnityEditor.AddressableAssets.Settings.AddressableAssetGroup:OnEnable () (at Library/PackageCache/com.unity.addressables@1.19.19/Editor/Settings/AddressableAssetGroup.cs:428)

(Filename: Library/PackageCache/com.unity.addressables@1.19.19/Editor/Settings/GroupSchemas/BundledAssetGroupSchema.cs Line: 561)

Default path variable Local.BuildPath not found when initializing BundledAssetGroupSchema. Please manually set the path via the groups window.
UnityEngine.StackTraceUtility:ExtractStackTrace ()
UnityEngine.DebugLogHandler:LogFormat (UnityEngine.LogType,UnityEngine.Object,string,object[])
UnityEngine.Logger:Log (UnityEngine.LogType,object)
UnityEngine.Debug:LogWarning (object)
UnityEditor.AddressableAssets.Settings.GroupSchemas.BundledAssetGroupSchema:SetPathVariable (UnityEditor.AddressableAssets.Settings.AddressableAssetSettings,UnityEditor.AddressableAssets.Settings.ProfileValueReference&,string,string,System.Collections.Generic.List`1<string>) (at Library/PackageCache/com.unity.addressables@1.19.19/Editor/Settings/GroupSchemas/BundledAssetGroupSchema.cs:561)
UnityEditor.AddressableAssets.Settings.GroupSchemas.BundledAssetGroupSchema:Validate () (at Library/PackageCache/com.unity.addressables@1.19.19/Editor/Settings/GroupSchemas/BundledAssetGroupSchema.cs:570)
UnityEditor.AddressableAssets.Settings.AddressableAssetGroup:Validate () (at Library/PackageCache/com.unity.addressables@1.19.19/Editor/Settings/AddressableAssetGroup.cs:448)
UnityEditor.AddressableAssets.Settings.AddressableAssetGroup:OnEnable () (at Library/PackageCache/com.unity.addressables@1.19.19/Editor/Settings/AddressableAssetGroup.cs:428)

(Filename: Library/PackageCache/com.unity.addressables@1.19.19/Editor/Settings/GroupSchemas/BundledAssetGroupSchema.cs Line: 561)

Default path variable Local.LoadPath not found when initializing BundledAssetGroupSchema. Please manually set the path via the groups window.
UnityEngine.StackTraceUtility:ExtractStackTrace ()
UnityEngine.DebugLogHandler:LogFormat (UnityEngine.LogType,UnityEngine.Object,string,object[])
UnityEngine.Logger:Log (UnityEngine.LogType,object)
UnityEngine.Debug:LogWarning (object)
UnityEditor.AddressableAssets.Settings.GroupSchemas.BundledAssetGroupSchema:SetPathVariable (UnityEditor.AddressableAssets.Settings.AddressableAssetSettings,UnityEditor.AddressableAssets.Settings.ProfileValueReference&,string,string,System.Collections.Generic.List`1<string>) (at Library/PackageCache/com.unity.addressables@1.19.19/Editor/Settings/GroupSchemas/BundledAssetGroupSchema.cs:561)
UnityEditor.AddressableAssets.Settings.GroupSchemas.BundledAssetGroupSchema:Validate () (at Library/PackageCache/com.unity.addressables@1.19.19/Editor/Settings/GroupSchemas/BundledAssetGroupSchema.cs:571)
UnityEditor.AddressableAssets.Settings.AddressableAssetGroup:Validate () (at Library/PackageCache/com.unity.addressables@1.19.19/Editor/Settings/AddressableAssetGroup.cs:448)
UnityEditor.AddressableAssets.Settings.AddressableAssetGroup:OnEnable () (at Library/PackageCache/com.unity.addressables@1.19.19/Editor/Settings/AddressableAssetGroup.cs:428)

(Filename: Library/PackageCache/com.unity.addressables@1.19.19/Editor/Settings/GroupSchemas/BundledAssetGroupSchema.cs Line: 561)

Default path variable Local.LoadPath not found when initializing BundledAssetGroupSchema. Please manually set the path via the groups window.
UnityEngine.StackTraceUtility:ExtractStackTrace ()
UnityEngine.DebugLogHandler:LogFormat (UnityEngine.LogType,UnityEngine.Object,string,object[])
UnityEngine.Logger:Log (UnityEngine.LogType,object)
UnityEngine.Debug:LogWarning (object)
UnityEditor.AddressableAssets.Settings.GroupSchemas.BundledAssetGroupSchema:SetPathVariable (UnityEditor.AddressableAssets.Settings.AddressableAssetSettings,UnityEditor.AddressableAssets.Settings.ProfileValueReference&,string,string,System.Collections.Generic.List`1<string>) (at Library/PackageCache/com.unity.addressables@1.19.19/Editor/Settings/GroupSchemas/BundledAssetGroupSchema.cs:561)
UnityEditor.AddressableAssets.Settings.GroupSchemas.BundledAssetGroupSchema:Validate () (at Library/PackageCache/com.unity.addressables@1.19.19/Editor/Settings/GroupSchemas/BundledAssetGroupSchema.cs:571)
UnityEditor.AddressableAssets.Settings.AddressableAssetGroup:Validate () (at Library/PackageCache/com.unity.addressables@1.19.19/Editor/Settings/AddressableAssetGroup.cs:448)
UnityEditor.AddressableAssets.Settings.AddressableAssetGroup:OnEnable () (at Library/PackageCache/com.unity.addressables@1.19.19/Editor/Settings/AddressableAssetGroup.cs:428)

(Filename: Library/PackageCache/com.unity.addressables@1.19.19/Editor/Settings/GroupSchemas/BundledAssetGroupSchema.cs Line: 561)

Default path variable Local.BuildPath not found when initializing BundledAssetGroupSchema. Please manually set the path via the groups window.
UnityEngine.StackTraceUtility:ExtractStackTrace ()
UnityEngine.DebugLogHandler:LogFormat (UnityEngine.LogType,UnityEngine.Object,string,object[])
UnityEngine.Logger:Log (UnityEngine.LogType,object)
UnityEngine.Debug:LogWarning (object)
UnityEditor.AddressableAssets.Settings.GroupSchemas.BundledAssetGroupSchema:SetPathVariable (UnityEditor.AddressableAssets.Settings.AddressableAssetSettings,UnityEditor.AddressableAssets.Settings.ProfileValueReference&,string,string,System.Collections.Generic.List`1<string>) (at Library/PackageCache/com.unity.addressables@1.19.19/Editor/Settings/GroupSchemas/BundledAssetGroupSchema.cs:561)
UnityEditor.AddressableAssets.Settings.GroupSchemas.BundledAssetGroupSchema:Validate () (at Library/PackageCache/com.unity.addressables@1.19.19/Editor/Settings/GroupSchemas/BundledAssetGroupSchema.cs:570)
UnityEditor.AddressableAssets.Settings.AddressableAssetGroup:Validate () (at Library/PackageCache/com.unity.addressables@1.19.19/Editor/Settings/AddressableAssetGroup.cs:448)
UnityEditor.AddressableAssets.Settings.AddressableAssetGroup:OnEnable () (at Library/PackageCache/com.unity.addressables@1.19.19/Editor/Settings/AddressableAssetGroup.cs:428)

(Filename: Library/PackageCache/com.unity.addressables@1.19.19/Editor/Settings/GroupSchemas/BundledAssetGroupSchema.cs Line: 561)

Default path variable Local.LoadPath not found when initializing BundledAssetGroupSchema. Please manually set the path via the groups window.
UnityEngine.StackTraceUtility:ExtractStackTrace ()
UnityEngine.DebugLogHandler:LogFormat (UnityEngine.LogType,UnityEngine.Object,string,object[])
UnityEngine.Logger:Log (UnityEngine.LogType,object)
UnityEngine.Debug:LogWarning (object)
UnityEditor.AddressableAssets.Settings.GroupSchemas.BundledAssetGroupSchema:SetPathVariable (UnityEditor.AddressableAssets.Settings.AddressableAssetSettings,UnityEditor.AddressableAssets.Settings.ProfileValueReference&,string,string,System.Collections.Generic.List`1<string>) (at Library/PackageCache/com.unity.addressables@1.19.19/Editor/Settings/GroupSchemas/BundledAssetGroupSchema.cs:561)
UnityEditor.AddressableAssets.Settings.GroupSchemas.BundledAssetGroupSchema:Validate () (at Library/PackageCache/com.unity.addressables@1.19.19/Editor/Settings/GroupSchemas/BundledAssetGroupSchema.cs:571)
UnityEditor.AddressableAssets.Settings.AddressableAssetGroup:Validate () (at Library/PackageCache/com.unity.addressables@1.19.19/Editor/Settings/AddressableAssetGroup.cs:448)
UnityEditor.AddressableAssets.Settings.AddressableAssetGroup:OnEnable () (at Library/PackageCache/com.unity.addressables@1.19.19/Editor/Settings/AddressableAssetGroup.cs:428)

(Filename: Library/PackageCache/com.unity.addressables@1.19.19/Editor/Settings/GroupSchemas/BundledAssetGroupSchema.cs Line: 561)

Mono: successfully reloaded assembly
- Completed reload, in  2.469 seconds
Domain Reload Profiling:
	ReloadAssembly (2470ms)
		BeginReloadAssembly (322ms)
			ExecutionOrderSort (0ms)
			DisableScriptedObjects (9ms)
			BackupInstance (0ms)
			ReleaseScriptingObjects (0ms)
			CreateAndSetChildDomain (64ms)
		EndReloadAssembly (1987ms)
			LoadAssemblies (275ms)
			RebuildTransferFunctionScriptingTraits (0ms)
			SetupTypeCache (563ms)
			ReleaseScriptCaches (4ms)
			RebuildScriptCaches (124ms)
			SetupLoadedEditorAssemblies (931ms)
				LogAssemblyErrors (0ms)
				InitializePlatformSupportModulesInManaged (13ms)
				SetLoadedEditorAssemblies (0ms)
				RefreshPlugins (1ms)
				BeforeProcessingInitializeOnLoad (126ms)
				ProcessInitializeOnLoadAttributes (471ms)
				ProcessInitializeOnLoadMethodAttributes (309ms)
				AfterProcessingInitializeOnLoad (8ms)
				EditorAssembliesLoaded (2ms)
			ExecutionOrderSort2 (0ms)
			AwakeInstancesAfterBackupRestoration (92ms)
Platform modules already initialized, skipping
Refreshing native plugins compatible for Editor in 4.28 ms, found 3 plugins.
Preloading 0 native plugins for Editor in 0.00 ms.
Unloading 5386 Unused Serialized files (Serialized files now loaded: 0)
Unloading 30 unused Assets / (0.7 MB). Loaded Objects now: 6002.
Memory consumption went from 205.1 MB to 204.4 MB.
Total: 5.553400 ms (FindLiveObjects: 0.610000 ms CreateObjectMapping: 0.431100 ms MarkObjects: 4.020100 ms  DeleteObjects: 0.491000 ms)

AssetImportParameters requested are different than current active one (requested -> active):
  custom:video-decoder-ogg-theora: a1e56fd34408186e4bbccfd4996cb3dc -> 
  custom:container-muxer-webm: aa71ff27fc2769a1b78a27578f13a17b -> 
  custom:container-demuxer-webm: 4f35f7cbe854078d1ac9338744f61a02 -> 
  custom:video-encoder-webm-vp8: eb34c28f22e8b96e1ab97ce403110664 -> 
  custom:audio-encoder-webm-vorbis: bf7c407c2cedff20999df2af8eb42d56 -> 
  custom:framework-win-MediaFoundation: 216162199b28c13a410421893ffa2e32 -> 
  custom:container-demuxer-ogg: 62fdf1f143b41e24485cea50d1cbac27 -> 
  custom:video-decoder-webm-vp8: 9c59270c3fd7afecdb556c50c9e8de78 -> 
  custom:audio-decoder-ogg-vorbis: bf7c407c2cedff20999df2af8eb42d56 -> 
AssetImportWorkerClient::OnTransportError - code=10054 error=远程主机强迫关闭了一个现有的连接。
