Using pre-set license
Built from '2021.3/staging' branch; Version is '2021.3.6f1 (7da38d85baf6) revision 8233869'; Using compiler version '192829333'; Build Type 'Release'
OS: 'Windows 10  (10.0.19043) 64bit Enterprise' Language: 'zh' Physical Memory: 32603 MB
BatchMode: 1, IsHumanControllingUs: 0, StartBugReporterOnCrash: 0, Is64bit: 1, IsPro: 1

COMMAND LINE ARGUMENTS:
C:\Program Files\Unity\Hub\Editor\2021.3.6f1\Editor\Unity.exe
-adb2
-batchMode
-noUpm
-name
AssetImportWorker0
-projectPath
C:/Users/mocheng/addressable
-logFile
Logs/AssetImportWorker0.log
-srvPort
62057
Successfully changed project path to: C:/Users/mocheng/addressable
C:/Users/mocheng/addressable
[UnityMemory] Configuration Parameters - Can be set up in boot.config
    "memorysetup-bucket-allocator-granularity=16"
    "memorysetup-bucket-allocator-bucket-count=8"
    "memorysetup-bucket-allocator-block-size=33554432"
    "memorysetup-bucket-allocator-block-count=8"
    "memorysetup-main-allocator-block-size=16777216"
    "memorysetup-thread-allocator-block-size=16777216"
    "memorysetup-gfx-main-allocator-block-size=16777216"
    "memorysetup-gfx-thread-allocator-block-size=16777216"
    "memorysetup-cache-allocator-block-size=4194304"
    "memorysetup-typetree-allocator-block-size=2097152"
    "memorysetup-profiler-bucket-allocator-granularity=16"
    "memorysetup-profiler-bucket-allocator-bucket-count=8"
    "memorysetup-profiler-bucket-allocator-block-size=33554432"
    "memorysetup-profiler-bucket-allocator-block-count=8"
    "memorysetup-profiler-allocator-block-size=16777216"
    "memorysetup-profiler-editor-allocator-block-size=1048576"
    "memorysetup-temp-allocator-size-main=16777216"
    "memorysetup-job-temp-allocator-block-size=2097152"
    "memorysetup-job-temp-allocator-block-size-background=1048576"
    "memorysetup-job-temp-allocator-reduction-small-platforms=262144"
    "memorysetup-temp-allocator-size-background-worker=32768"
    "memorysetup-temp-allocator-size-job-worker=262144"
    "memorysetup-temp-allocator-size-preload-manager=33554432"
    "memorysetup-temp-allocator-size-nav-mesh-worker=65536"
    "memorysetup-temp-allocator-size-audio-worker=65536"
    "memorysetup-temp-allocator-size-cloud-worker=32768"
    "memorysetup-temp-allocator-size-gi-baking-worker=262144"
    "memorysetup-temp-allocator-size-gfx=262144"
Refreshing native plugins compatible for Editor in 197.07 ms, found 3 plugins.
Preloading 0 native plugins for Editor in 0.00 ms.
Initialize engine version: 2021.3.6f1 (7da38d85baf6)
[Subsystems] Discovering subsystems at path C:/Program Files/Unity/Hub/Editor/2021.3.6f1/Editor/Data/Resources/UnitySubsystems
[Subsystems] Discovering subsystems at path C:/Users/mocheng/addressable/Assets
GfxDevice: creating device client; threaded=0; jobified=0
Direct3D:
    Version:  Direct3D 11.0 [level 11.1]
    Renderer: NVIDIA GeForce GTX 1060 6GB (ID=0x1c03)
    Vendor:   NVIDIA
    VRAM:     6052 MB
    Driver:   27.21.14.5751
Initialize mono
Mono path[0] = 'C:/Program Files/Unity/Hub/Editor/2021.3.6f1/Editor/Data/Managed'
Mono path[1] = 'C:/Program Files/Unity/Hub/Editor/2021.3.6f1/Editor/Data/MonoBleedingEdge/lib/mono/unityjit-win32'
Mono config path = 'C:/Program Files/Unity/Hub/Editor/2021.3.6f1/Editor/Data/MonoBleedingEdge/etc'
Using monoOptions --debugger-agent=transport=dt_socket,embedding=1,server=y,suspend=n,address=127.0.0.1:56932
Begin MonoManager ReloadAssembly
Registering precompiled unity dll's ...
Register platform support module: C:/Program Files/Unity/Hub/Editor/2021.3.6f1/Editor/Data/PlaybackEngines/WindowsStandaloneSupport/UnityEditor.WindowsStandalone.Extensions.dll
Registered in 0.005321 seconds.
Native extension for WindowsStandalone target not found
Refreshing native plugins compatible for Editor in 200.45 ms, found 3 plugins.
Preloading 0 native plugins for Editor in 0.00 ms.
Mono: successfully reloaded assembly
- Completed reload, in  1.303 seconds
Domain Reload Profiling:
	ReloadAssembly (1303ms)
		BeginReloadAssembly (167ms)
			ExecutionOrderSort (0ms)
			DisableScriptedObjects (0ms)
			BackupInstance (0ms)
			ReleaseScriptingObjects (0ms)
			CreateAndSetChildDomain (1ms)
		EndReloadAssembly (983ms)
			LoadAssemblies (173ms)
			RebuildTransferFunctionScriptingTraits (0ms)
			SetupTypeCache (213ms)
			ReleaseScriptCaches (0ms)
			RebuildScriptCaches (74ms)
			SetupLoadedEditorAssemblies (605ms)
				LogAssemblyErrors (0ms)
				InitializePlatformSupportModulesInManaged (19ms)
				SetLoadedEditorAssemblies (1ms)
				RefreshPlugins (201ms)
				BeforeProcessingInitializeOnLoad (3ms)
				ProcessInitializeOnLoadAttributes (286ms)
				ProcessInitializeOnLoadMethodAttributes (95ms)
				AfterProcessingInitializeOnLoad (0ms)
				EditorAssembliesLoaded (0ms)
			ExecutionOrderSort2 (0ms)
			AwakeInstancesAfterBackupRestoration (0ms)
Platform modules already initialized, skipping
Registering precompiled user dll's ...
Registered in 0.022220 seconds.
Begin MonoManager ReloadAssembly
Symbol file LoadedFromMemory doesn't match image C:\Users\mocheng\addressable\Library\PackageCache\com.unity.visualscripting@1.7.8\Editor\VisualScripting.Core\Dependencies\YamlDotNet\Unity.VisualScripting.YamlDotNet.dll
Symbol file LoadedFromMemory doesn't match image C:\Users\mocheng\addressable\Library\PackageCache\com.unity.visualscripting@1.7.8\Editor\VisualScripting.Core\Dependencies\DotNetZip\Unity.VisualScripting.IonicZip.dll
Native extension for WindowsStandalone target not found
Refreshing native plugins compatible for Editor in 192.57 ms, found 3 plugins.
Preloading 0 native plugins for Editor in 0.00 ms.
Default path variable Local.LoadPath not found when initializing BundledAssetGroupSchema. Please manually set the path via the groups window.
UnityEngine.StackTraceUtility:ExtractStackTrace ()
UnityEngine.DebugLogHandler:LogFormat (UnityEngine.LogType,UnityEngine.Object,string,object[])
UnityEngine.Logger:Log (UnityEngine.LogType,object)
UnityEngine.Debug:LogWarning (object)
UnityEditor.AddressableAssets.Settings.GroupSchemas.BundledAssetGroupSchema:SetPathVariable (UnityEditor.AddressableAssets.Settings.AddressableAssetSettings,UnityEditor.AddressableAssets.Settings.ProfileValueReference&,string,string,System.Collections.Generic.List`1<string>) (at Library/PackageCache/com.unity.addressables@1.19.19/Editor/Settings/GroupSchemas/BundledAssetGroupSchema.cs:561)
UnityEditor.AddressableAssets.Settings.GroupSchemas.BundledAssetGroupSchema:Validate () (at Library/PackageCache/com.unity.addressables@1.19.19/Editor/Settings/GroupSchemas/BundledAssetGroupSchema.cs:571)
UnityEditor.AddressableAssets.Settings.AddressableAssetGroup:Validate () (at Library/PackageCache/com.unity.addressables@1.19.19/Editor/Settings/AddressableAssetGroup.cs:448)
UnityEditor.AddressableAssets.Settings.AddressableAssetGroup:OnEnable () (at Library/PackageCache/com.unity.addressables@1.19.19/Editor/Settings/AddressableAssetGroup.cs:428)
UnityEditor.AssetDatabase:LoadAssetAtPath<UnityEditor.AddressableAssets.Settings.AddressableAssetSettings> (string)
UnityEditor.AddressableAssets.AddressableAssetSettingsDefaultObject:LoadSettingsObject () (at Library/PackageCache/com.unity.addressables@1.19.19/Editor/AddressableAssetSettingsDefaultObject.cs:62)
UnityEditor.AddressableAssets.AddressableAssetSettingsDefaultObject:get_Settings () (at Library/PackageCache/com.unity.addressables@1.19.19/Editor/AddressableAssetSettingsDefaultObject.cs:114)
UnityEditor.AddressableAssets.AddressableEditorInitialization:.cctor () (at Library/PackageCache/com.unity.addressables@1.19.19/Editor/AddressableEditorInitialization.cs:20)
System.Runtime.CompilerServices.RuntimeHelpers:RunClassConstructor (System.RuntimeTypeHandle)
UnityEditor.EditorAssemblies:ProcessInitializeOnLoadAttributes (System.Type[])

(Filename: Library/PackageCache/com.unity.addressables@1.19.19/Editor/Settings/GroupSchemas/BundledAssetGroupSchema.cs Line: 561)

Mono: successfully reloaded assembly
- Completed reload, in  2.726 seconds
Domain Reload Profiling:
	ReloadAssembly (2727ms)
		BeginReloadAssembly (142ms)
			ExecutionOrderSort (0ms)
			DisableScriptedObjects (5ms)
			BackupInstance (0ms)
			ReleaseScriptingObjects (0ms)
			CreateAndSetChildDomain (21ms)
		EndReloadAssembly (2450ms)
			LoadAssemblies (137ms)
			RebuildTransferFunctionScriptingTraits (0ms)
			SetupTypeCache (401ms)
			ReleaseScriptCaches (2ms)
			RebuildScriptCaches (209ms)
			SetupLoadedEditorAssemblies (1539ms)
				LogAssemblyErrors (0ms)
				InitializePlatformSupportModulesInManaged (6ms)
				SetLoadedEditorAssemblies (0ms)
				RefreshPlugins (193ms)
				BeforeProcessingInitializeOnLoad (456ms)
				ProcessInitializeOnLoadAttributes (719ms)
				ProcessInitializeOnLoadMethodAttributes (160ms)
				AfterProcessingInitializeOnLoad (6ms)
				EditorAssembliesLoaded (0ms)
			ExecutionOrderSort2 (0ms)
			AwakeInstancesAfterBackupRestoration (33ms)
Platform modules already initialized, skipping
========================================================================
Worker process is ready to serve import requests
Launched and connected shader compiler UnityShaderCompiler.exe after 0.08 seconds
Refreshing native plugins compatible for Editor in 2.99 ms, found 3 plugins.
Preloading 0 native plugins for Editor in 0.00 ms.
Unloading 5544 Unused Serialized files (Serialized files now loaded: 0)
Unloading 37 unused Assets / (0.7 MB). Loaded Objects now: 5996.
Memory consumption went from 215.3 MB to 214.6 MB.
Total: 6.756000 ms (FindLiveObjects: 0.776100 ms CreateObjectMapping: 0.865900 ms MarkObjects: 4.605400 ms  DeleteObjects: 0.507400 ms)

AssetImportParameters requested are different than current active one (requested -> active):
  custom:video-decoder-ogg-theora: a1e56fd34408186e4bbccfd4996cb3dc -> 
  custom:container-muxer-webm: aa71ff27fc2769a1b78a27578f13a17b -> 
  custom:container-demuxer-webm: 4f35f7cbe854078d1ac9338744f61a02 -> 
  custom:video-encoder-webm-vp8: eb34c28f22e8b96e1ab97ce403110664 -> 
  custom:audio-encoder-webm-vorbis: bf7c407c2cedff20999df2af8eb42d56 -> 
  custom:framework-win-MediaFoundation: 216162199b28c13a410421893ffa2e32 -> 
  custom:container-demuxer-ogg: 62fdf1f143b41e24485cea50d1cbac27 -> 
  custom:video-decoder-webm-vp8: 9c59270c3fd7afecdb556c50c9e8de78 -> 
  custom:audio-decoder-ogg-vorbis: bf7c407c2cedff20999df2af8eb42d56 -> 
========================================================================
Received Prepare
Registering precompiled user dll's ...
Registered in 0.012415 seconds.
Begin MonoManager ReloadAssembly
Symbol file LoadedFromMemory doesn't match image C:\Users\mocheng\addressable\Library\PackageCache\com.unity.visualscripting@1.7.8\Editor\VisualScripting.Core\Dependencies\YamlDotNet\Unity.VisualScripting.YamlDotNet.dll
Symbol file LoadedFromMemory doesn't match image C:\Users\mocheng\addressable\Library\PackageCache\com.unity.visualscripting@1.7.8\Editor\VisualScripting.Core\Dependencies\DotNetZip\Unity.VisualScripting.IonicZip.dll
Native extension for WindowsStandalone target not found
Refreshing native plugins compatible for Editor in 1.61 ms, found 3 plugins.
Preloading 0 native plugins for Editor in 0.00 ms.
Default path variable Local.BuildPath not found when initializing BundledAssetGroupSchema. Please manually set the path via the groups window.
UnityEngine.StackTraceUtility:ExtractStackTrace ()
UnityEngine.DebugLogHandler:LogFormat (UnityEngine.LogType,UnityEngine.Object,string,object[])
UnityEngine.Logger:Log (UnityEngine.LogType,object)
UnityEngine.Debug:LogWarning (object)
UnityEditor.AddressableAssets.Settings.GroupSchemas.BundledAssetGroupSchema:SetPathVariable (UnityEditor.AddressableAssets.Settings.AddressableAssetSettings,UnityEditor.AddressableAssets.Settings.ProfileValueReference&,string,string,System.Collections.Generic.List`1<string>) (at Library/PackageCache/com.unity.addressables@1.19.19/Editor/Settings/GroupSchemas/BundledAssetGroupSchema.cs:561)
UnityEditor.AddressableAssets.Settings.GroupSchemas.BundledAssetGroupSchema:Validate () (at Library/PackageCache/com.unity.addressables@1.19.19/Editor/Settings/GroupSchemas/BundledAssetGroupSchema.cs:570)
UnityEditor.AddressableAssets.Settings.AddressableAssetGroup:Validate () (at Library/PackageCache/com.unity.addressables@1.19.19/Editor/Settings/AddressableAssetGroup.cs:448)
UnityEditor.AddressableAssets.Settings.AddressableAssetGroup:OnEnable () (at Library/PackageCache/com.unity.addressables@1.19.19/Editor/Settings/AddressableAssetGroup.cs:428)

(Filename: Library/PackageCache/com.unity.addressables@1.19.19/Editor/Settings/GroupSchemas/BundledAssetGroupSchema.cs Line: 561)

Default path variable Local.LoadPath not found when initializing BundledAssetGroupSchema. Please manually set the path via the groups window.
UnityEngine.StackTraceUtility:ExtractStackTrace ()
UnityEngine.DebugLogHandler:LogFormat (UnityEngine.LogType,UnityEngine.Object,string,object[])
UnityEngine.Logger:Log (UnityEngine.LogType,object)
UnityEngine.Debug:LogWarning (object)
UnityEditor.AddressableAssets.Settings.GroupSchemas.BundledAssetGroupSchema:SetPathVariable (UnityEditor.AddressableAssets.Settings.AddressableAssetSettings,UnityEditor.AddressableAssets.Settings.ProfileValueReference&,string,string,System.Collections.Generic.List`1<string>) (at Library/PackageCache/com.unity.addressables@1.19.19/Editor/Settings/GroupSchemas/BundledAssetGroupSchema.cs:561)
UnityEditor.AddressableAssets.Settings.GroupSchemas.BundledAssetGroupSchema:Validate () (at Library/PackageCache/com.unity.addressables@1.19.19/Editor/Settings/GroupSchemas/BundledAssetGroupSchema.cs:571)
UnityEditor.AddressableAssets.Settings.AddressableAssetGroup:Validate () (at Library/PackageCache/com.unity.addressables@1.19.19/Editor/Settings/AddressableAssetGroup.cs:448)
UnityEditor.AddressableAssets.Settings.AddressableAssetGroup:OnEnable () (at Library/PackageCache/com.unity.addressables@1.19.19/Editor/Settings/AddressableAssetGroup.cs:428)

(Filename: Library/PackageCache/com.unity.addressables@1.19.19/Editor/Settings/GroupSchemas/BundledAssetGroupSchema.cs Line: 561)

Default path variable Local.BuildPath not found when initializing BundledAssetGroupSchema. Please manually set the path via the groups window.
UnityEngine.StackTraceUtility:ExtractStackTrace ()
UnityEngine.DebugLogHandler:LogFormat (UnityEngine.LogType,UnityEngine.Object,string,object[])
UnityEngine.Logger:Log (UnityEngine.LogType,object)
UnityEngine.Debug:LogWarning (object)
UnityEditor.AddressableAssets.Settings.GroupSchemas.BundledAssetGroupSchema:SetPathVariable (UnityEditor.AddressableAssets.Settings.AddressableAssetSettings,UnityEditor.AddressableAssets.Settings.ProfileValueReference&,string,string,System.Collections.Generic.List`1<string>) (at Library/PackageCache/com.unity.addressables@1.19.19/Editor/Settings/GroupSchemas/BundledAssetGroupSchema.cs:561)
UnityEditor.AddressableAssets.Settings.GroupSchemas.BundledAssetGroupSchema:Validate () (at Library/PackageCache/com.unity.addressables@1.19.19/Editor/Settings/GroupSchemas/BundledAssetGroupSchema.cs:570)
UnityEditor.AddressableAssets.Settings.AddressableAssetGroup:Validate () (at Library/PackageCache/com.unity.addressables@1.19.19/Editor/Settings/AddressableAssetGroup.cs:448)
UnityEditor.AddressableAssets.Settings.AddressableAssetGroup:OnEnable () (at Library/PackageCache/com.unity.addressables@1.19.19/Editor/Settings/AddressableAssetGroup.cs:428)

(Filename: Library/PackageCache/com.unity.addressables@1.19.19/Editor/Settings/GroupSchemas/BundledAssetGroupSchema.cs Line: 561)

Default path variable Local.LoadPath not found when initializing BundledAssetGroupSchema. Please manually set the path via the groups window.
UnityEngine.StackTraceUtility:ExtractStackTrace ()
UnityEngine.DebugLogHandler:LogFormat (UnityEngine.LogType,UnityEngine.Object,string,object[])
UnityEngine.Logger:Log (UnityEngine.LogType,object)
UnityEngine.Debug:LogWarning (object)
UnityEditor.AddressableAssets.Settings.GroupSchemas.BundledAssetGroupSchema:SetPathVariable (UnityEditor.AddressableAssets.Settings.AddressableAssetSettings,UnityEditor.AddressableAssets.Settings.ProfileValueReference&,string,string,System.Collections.Generic.List`1<string>) (at Library/PackageCache/com.unity.addressables@1.19.19/Editor/Settings/GroupSchemas/BundledAssetGroupSchema.cs:561)
UnityEditor.AddressableAssets.Settings.GroupSchemas.BundledAssetGroupSchema:Validate () (at Library/PackageCache/com.unity.addressables@1.19.19/Editor/Settings/GroupSchemas/BundledAssetGroupSchema.cs:571)
UnityEditor.AddressableAssets.Settings.AddressableAssetGroup:Validate () (at Library/PackageCache/com.unity.addressables@1.19.19/Editor/Settings/AddressableAssetGroup.cs:448)
UnityEditor.AddressableAssets.Settings.AddressableAssetGroup:OnEnable () (at Library/PackageCache/com.unity.addressables@1.19.19/Editor/Settings/AddressableAssetGroup.cs:428)

(Filename: Library/PackageCache/com.unity.addressables@1.19.19/Editor/Settings/GroupSchemas/BundledAssetGroupSchema.cs Line: 561)

Default path variable Local.LoadPath not found when initializing BundledAssetGroupSchema. Please manually set the path via the groups window.
UnityEngine.StackTraceUtility:ExtractStackTrace ()
UnityEngine.DebugLogHandler:LogFormat (UnityEngine.LogType,UnityEngine.Object,string,object[])
UnityEngine.Logger:Log (UnityEngine.LogType,object)
UnityEngine.Debug:LogWarning (object)
UnityEditor.AddressableAssets.Settings.GroupSchemas.BundledAssetGroupSchema:SetPathVariable (UnityEditor.AddressableAssets.Settings.AddressableAssetSettings,UnityEditor.AddressableAssets.Settings.ProfileValueReference&,string,string,System.Collections.Generic.List`1<string>) (at Library/PackageCache/com.unity.addressables@1.19.19/Editor/Settings/GroupSchemas/BundledAssetGroupSchema.cs:561)
UnityEditor.AddressableAssets.Settings.GroupSchemas.BundledAssetGroupSchema:Validate () (at Library/PackageCache/com.unity.addressables@1.19.19/Editor/Settings/GroupSchemas/BundledAssetGroupSchema.cs:571)
UnityEditor.AddressableAssets.Settings.AddressableAssetGroup:Validate () (at Library/PackageCache/com.unity.addressables@1.19.19/Editor/Settings/AddressableAssetGroup.cs:448)
UnityEditor.AddressableAssets.Settings.AddressableAssetGroup:OnEnable () (at Library/PackageCache/com.unity.addressables@1.19.19/Editor/Settings/AddressableAssetGroup.cs:428)

(Filename: Library/PackageCache/com.unity.addressables@1.19.19/Editor/Settings/GroupSchemas/BundledAssetGroupSchema.cs Line: 561)

Default path variable Local.BuildPath not found when initializing BundledAssetGroupSchema. Please manually set the path via the groups window.
UnityEngine.StackTraceUtility:ExtractStackTrace ()
UnityEngine.DebugLogHandler:LogFormat (UnityEngine.LogType,UnityEngine.Object,string,object[])
UnityEngine.Logger:Log (UnityEngine.LogType,object)
UnityEngine.Debug:LogWarning (object)
UnityEditor.AddressableAssets.Settings.GroupSchemas.BundledAssetGroupSchema:SetPathVariable (UnityEditor.AddressableAssets.Settings.AddressableAssetSettings,UnityEditor.AddressableAssets.Settings.ProfileValueReference&,string,string,System.Collections.Generic.List`1<string>) (at Library/PackageCache/com.unity.addressables@1.19.19/Editor/Settings/GroupSchemas/BundledAssetGroupSchema.cs:561)
UnityEditor.AddressableAssets.Settings.GroupSchemas.BundledAssetGroupSchema:Validate () (at Library/PackageCache/com.unity.addressables@1.19.19/Editor/Settings/GroupSchemas/BundledAssetGroupSchema.cs:570)
UnityEditor.AddressableAssets.Settings.AddressableAssetGroup:Validate () (at Library/PackageCache/com.unity.addressables@1.19.19/Editor/Settings/AddressableAssetGroup.cs:448)
UnityEditor.AddressableAssets.Settings.AddressableAssetGroup:OnEnable () (at Library/PackageCache/com.unity.addressables@1.19.19/Editor/Settings/AddressableAssetGroup.cs:428)

(Filename: Library/PackageCache/com.unity.addressables@1.19.19/Editor/Settings/GroupSchemas/BundledAssetGroupSchema.cs Line: 561)

Default path variable Local.LoadPath not found when initializing BundledAssetGroupSchema. Please manually set the path via the groups window.
UnityEngine.StackTraceUtility:ExtractStackTrace ()
UnityEngine.DebugLogHandler:LogFormat (UnityEngine.LogType,UnityEngine.Object,string,object[])
UnityEngine.Logger:Log (UnityEngine.LogType,object)
UnityEngine.Debug:LogWarning (object)
UnityEditor.AddressableAssets.Settings.GroupSchemas.BundledAssetGroupSchema:SetPathVariable (UnityEditor.AddressableAssets.Settings.AddressableAssetSettings,UnityEditor.AddressableAssets.Settings.ProfileValueReference&,string,string,System.Collections.Generic.List`1<string>) (at Library/PackageCache/com.unity.addressables@1.19.19/Editor/Settings/GroupSchemas/BundledAssetGroupSchema.cs:561)
UnityEditor.AddressableAssets.Settings.GroupSchemas.BundledAssetGroupSchema:Validate () (at Library/PackageCache/com.unity.addressables@1.19.19/Editor/Settings/GroupSchemas/BundledAssetGroupSchema.cs:571)
UnityEditor.AddressableAssets.Settings.AddressableAssetGroup:Validate () (at Library/PackageCache/com.unity.addressables@1.19.19/Editor/Settings/AddressableAssetGroup.cs:448)
UnityEditor.AddressableAssets.Settings.AddressableAssetGroup:OnEnable () (at Library/PackageCache/com.unity.addressables@1.19.19/Editor/Settings/AddressableAssetGroup.cs:428)

(Filename: Library/PackageCache/com.unity.addressables@1.19.19/Editor/Settings/GroupSchemas/BundledAssetGroupSchema.cs Line: 561)

Mono: successfully reloaded assembly
- Completed reload, in  2.361 seconds
Domain Reload Profiling:
	ReloadAssembly (2361ms)
		BeginReloadAssembly (339ms)
			ExecutionOrderSort (0ms)
			DisableScriptedObjects (10ms)
			BackupInstance (0ms)
			ReleaseScriptingObjects (0ms)
			CreateAndSetChildDomain (114ms)
		EndReloadAssembly (1834ms)
			LoadAssemblies (274ms)
			RebuildTransferFunctionScriptingTraits (0ms)
			SetupTypeCache (426ms)
			ReleaseScriptCaches (5ms)
			RebuildScriptCaches (101ms)
			SetupLoadedEditorAssemblies (865ms)
				LogAssemblyErrors (0ms)
				InitializePlatformSupportModulesInManaged (22ms)
				SetLoadedEditorAssemblies (1ms)
				RefreshPlugins (2ms)
				BeforeProcessingInitializeOnLoad (155ms)
				ProcessInitializeOnLoadAttributes (506ms)
				ProcessInitializeOnLoadMethodAttributes (175ms)
				AfterProcessingInitializeOnLoad (5ms)
				EditorAssembliesLoaded (0ms)
			ExecutionOrderSort2 (0ms)
			AwakeInstancesAfterBackupRestoration (89ms)
Platform modules already initialized, skipping
Refreshing native plugins compatible for Editor in 6.59 ms, found 3 plugins.
Preloading 0 native plugins for Editor in 0.00 ms.
Unloading 5386 Unused Serialized files (Serialized files now loaded: 0)
Unloading 30 unused Assets / (0.7 MB). Loaded Objects now: 5999.
Memory consumption went from 205.1 MB to 204.5 MB.
Total: 9.443700 ms (FindLiveObjects: 0.967500 ms CreateObjectMapping: 0.739600 ms MarkObjects: 7.112200 ms  DeleteObjects: 0.622000 ms)

AssetImportParameters requested are different than current active one (requested -> active):
  custom:video-decoder-ogg-theora: a1e56fd34408186e4bbccfd4996cb3dc -> 
  custom:container-muxer-webm: aa71ff27fc2769a1b78a27578f13a17b -> 
  custom:container-demuxer-webm: 4f35f7cbe854078d1ac9338744f61a02 -> 
  custom:video-encoder-webm-vp8: eb34c28f22e8b96e1ab97ce403110664 -> 
  custom:audio-encoder-webm-vorbis: bf7c407c2cedff20999df2af8eb42d56 -> 
  custom:framework-win-MediaFoundation: 216162199b28c13a410421893ffa2e32 -> 
  custom:container-demuxer-ogg: 62fdf1f143b41e24485cea50d1cbac27 -> 
  custom:video-decoder-webm-vp8: 9c59270c3fd7afecdb556c50c9e8de78 -> 
  custom:audio-decoder-ogg-vorbis: bf7c407c2cedff20999df2af8eb42d56 -> 
========================================================================
Received Import Request.
  Time since last request: 378.386595 seconds.
  path: Assets/Script/JsonHelper.cs
  artifactKey: Guid(093c6cc43d0dd2c4cb723755331ad661) Importer(815301076,1909f56bfc062723c751e8b465ee728b)
Start importing Assets/Script/JsonHelper.cs using Guid(093c6cc43d0dd2c4cb723755331ad661) Importer(815301076,1909f56bfc062723c751e8b465ee728b)  -> (artifact id: '00000000000000000000000000000000') in 0.056196 seconds  code(4) message(Build asset version error: assets/script/jsonhelper.cs in SourceAssetDB has modification time of '2022-08-01T01:26:12.4865994Z' while content on disk has modification time of '2022-08-01T01:26:25.8444553Z')
  ERROR: Build asset version error: assets/script/jsonhelper.cs in SourceAssetDB has modification time of '2022-08-01T01:26:12.4865994Z' while content on disk has modification time of '2022-08-01T01:26:25.8444553Z'
========================================================================
Received Prepare
Registering precompiled user dll's ...
Registered in 0.008247 seconds.
Begin MonoManager ReloadAssembly
Symbol file LoadedFromMemory doesn't match image C:\Users\mocheng\addressable\Library\PackageCache\com.unity.visualscripting@1.7.8\Editor\VisualScripting.Core\Dependencies\YamlDotNet\Unity.VisualScripting.YamlDotNet.dll
Symbol file LoadedFromMemory doesn't match image C:\Users\mocheng\addressable\Library\PackageCache\com.unity.visualscripting@1.7.8\Editor\VisualScripting.Core\Dependencies\DotNetZip\Unity.VisualScripting.IonicZip.dll
Native extension for WindowsStandalone target not found
Refreshing native plugins compatible for Editor in 1.81 ms, found 3 plugins.
Preloading 0 native plugins for Editor in 0.00 ms.
Default path variable Local.BuildPath not found when initializing BundledAssetGroupSchema. Please manually set the path via the groups window.
UnityEngine.StackTraceUtility:ExtractStackTrace ()
UnityEngine.DebugLogHandler:LogFormat (UnityEngine.LogType,UnityEngine.Object,string,object[])
UnityEngine.Logger:Log (UnityEngine.LogType,object)
UnityEngine.Debug:LogWarning (object)
UnityEditor.AddressableAssets.Settings.GroupSchemas.BundledAssetGroupSchema:SetPathVariable (UnityEditor.AddressableAssets.Settings.AddressableAssetSettings,UnityEditor.AddressableAssets.Settings.ProfileValueReference&,string,string,System.Collections.Generic.List`1<string>) (at Library/PackageCache/com.unity.addressables@1.19.19/Editor/Settings/GroupSchemas/BundledAssetGroupSchema.cs:561)
UnityEditor.AddressableAssets.Settings.GroupSchemas.BundledAssetGroupSchema:Validate () (at Library/PackageCache/com.unity.addressables@1.19.19/Editor/Settings/GroupSchemas/BundledAssetGroupSchema.cs:570)
UnityEditor.AddressableAssets.Settings.AddressableAssetGroup:Validate () (at Library/PackageCache/com.unity.addressables@1.19.19/Editor/Settings/AddressableAssetGroup.cs:448)
UnityEditor.AddressableAssets.Settings.AddressableAssetGroup:OnEnable () (at Library/PackageCache/com.unity.addressables@1.19.19/Editor/Settings/AddressableAssetGroup.cs:428)

(Filename: Library/PackageCache/com.unity.addressables@1.19.19/Editor/Settings/GroupSchemas/BundledAssetGroupSchema.cs Line: 561)

Default path variable Local.LoadPath not found when initializing BundledAssetGroupSchema. Please manually set the path via the groups window.
UnityEngine.StackTraceUtility:ExtractStackTrace ()
UnityEngine.DebugLogHandler:LogFormat (UnityEngine.LogType,UnityEngine.Object,string,object[])
UnityEngine.Logger:Log (UnityEngine.LogType,object)
UnityEngine.Debug:LogWarning (object)
UnityEditor.AddressableAssets.Settings.GroupSchemas.BundledAssetGroupSchema:SetPathVariable (UnityEditor.AddressableAssets.Settings.AddressableAssetSettings,UnityEditor.AddressableAssets.Settings.ProfileValueReference&,string,string,System.Collections.Generic.List`1<string>) (at Library/PackageCache/com.unity.addressables@1.19.19/Editor/Settings/GroupSchemas/BundledAssetGroupSchema.cs:561)
UnityEditor.AddressableAssets.Settings.GroupSchemas.BundledAssetGroupSchema:Validate () (at Library/PackageCache/com.unity.addressables@1.19.19/Editor/Settings/GroupSchemas/BundledAssetGroupSchema.cs:571)
UnityEditor.AddressableAssets.Settings.AddressableAssetGroup:Validate () (at Library/PackageCache/com.unity.addressables@1.19.19/Editor/Settings/AddressableAssetGroup.cs:448)
UnityEditor.AddressableAssets.Settings.AddressableAssetGroup:OnEnable () (at Library/PackageCache/com.unity.addressables@1.19.19/Editor/Settings/AddressableAssetGroup.cs:428)

(Filename: Library/PackageCache/com.unity.addressables@1.19.19/Editor/Settings/GroupSchemas/BundledAssetGroupSchema.cs Line: 561)

Default path variable Local.BuildPath not found when initializing BundledAssetGroupSchema. Please manually set the path via the groups window.
UnityEngine.StackTraceUtility:ExtractStackTrace ()
UnityEngine.DebugLogHandler:LogFormat (UnityEngine.LogType,UnityEngine.Object,string,object[])
UnityEngine.Logger:Log (UnityEngine.LogType,object)
UnityEngine.Debug:LogWarning (object)
UnityEditor.AddressableAssets.Settings.GroupSchemas.BundledAssetGroupSchema:SetPathVariable (UnityEditor.AddressableAssets.Settings.AddressableAssetSettings,UnityEditor.AddressableAssets.Settings.ProfileValueReference&,string,string,System.Collections.Generic.List`1<string>) (at Library/PackageCache/com.unity.addressables@1.19.19/Editor/Settings/GroupSchemas/BundledAssetGroupSchema.cs:561)
UnityEditor.AddressableAssets.Settings.GroupSchemas.BundledAssetGroupSchema:Validate () (at Library/PackageCache/com.unity.addressables@1.19.19/Editor/Settings/GroupSchemas/BundledAssetGroupSchema.cs:570)
UnityEditor.AddressableAssets.Settings.AddressableAssetGroup:Validate () (at Library/PackageCache/com.unity.addressables@1.19.19/Editor/Settings/AddressableAssetGroup.cs:448)
UnityEditor.AddressableAssets.Settings.AddressableAssetGroup:OnEnable () (at Library/PackageCache/com.unity.addressables@1.19.19/Editor/Settings/AddressableAssetGroup.cs:428)

(Filename: Library/PackageCache/com.unity.addressables@1.19.19/Editor/Settings/GroupSchemas/BundledAssetGroupSchema.cs Line: 561)

Default path variable Local.LoadPath not found when initializing BundledAssetGroupSchema. Please manually set the path via the groups window.
UnityEngine.StackTraceUtility:ExtractStackTrace ()
UnityEngine.DebugLogHandler:LogFormat (UnityEngine.LogType,UnityEngine.Object,string,object[])
UnityEngine.Logger:Log (UnityEngine.LogType,object)
UnityEngine.Debug:LogWarning (object)
UnityEditor.AddressableAssets.Settings.GroupSchemas.BundledAssetGroupSchema:SetPathVariable (UnityEditor.AddressableAssets.Settings.AddressableAssetSettings,UnityEditor.AddressableAssets.Settings.ProfileValueReference&,string,string,System.Collections.Generic.List`1<string>) (at Library/PackageCache/com.unity.addressables@1.19.19/Editor/Settings/GroupSchemas/BundledAssetGroupSchema.cs:561)
UnityEditor.AddressableAssets.Settings.GroupSchemas.BundledAssetGroupSchema:Validate () (at Library/PackageCache/com.unity.addressables@1.19.19/Editor/Settings/GroupSchemas/BundledAssetGroupSchema.cs:571)
UnityEditor.AddressableAssets.Settings.AddressableAssetGroup:Validate () (at Library/PackageCache/com.unity.addressables@1.19.19/Editor/Settings/AddressableAssetGroup.cs:448)
UnityEditor.AddressableAssets.Settings.AddressableAssetGroup:OnEnable () (at Library/PackageCache/com.unity.addressables@1.19.19/Editor/Settings/AddressableAssetGroup.cs:428)

(Filename: Library/PackageCache/com.unity.addressables@1.19.19/Editor/Settings/GroupSchemas/BundledAssetGroupSchema.cs Line: 561)

Default path variable Local.LoadPath not found when initializing BundledAssetGroupSchema. Please manually set the path via the groups window.
UnityEngine.StackTraceUtility:ExtractStackTrace ()
UnityEngine.DebugLogHandler:LogFormat (UnityEngine.LogType,UnityEngine.Object,string,object[])
UnityEngine.Logger:Log (UnityEngine.LogType,object)
UnityEngine.Debug:LogWarning (object)
UnityEditor.AddressableAssets.Settings.GroupSchemas.BundledAssetGroupSchema:SetPathVariable (UnityEditor.AddressableAssets.Settings.AddressableAssetSettings,UnityEditor.AddressableAssets.Settings.ProfileValueReference&,string,string,System.Collections.Generic.List`1<string>) (at Library/PackageCache/com.unity.addressables@1.19.19/Editor/Settings/GroupSchemas/BundledAssetGroupSchema.cs:561)
UnityEditor.AddressableAssets.Settings.GroupSchemas.BundledAssetGroupSchema:Validate () (at Library/PackageCache/com.unity.addressables@1.19.19/Editor/Settings/GroupSchemas/BundledAssetGroupSchema.cs:571)
UnityEditor.AddressableAssets.Settings.AddressableAssetGroup:Validate () (at Library/PackageCache/com.unity.addressables@1.19.19/Editor/Settings/AddressableAssetGroup.cs:448)
UnityEditor.AddressableAssets.Settings.AddressableAssetGroup:OnEnable () (at Library/PackageCache/com.unity.addressables@1.19.19/Editor/Settings/AddressableAssetGroup.cs:428)

(Filename: Library/PackageCache/com.unity.addressables@1.19.19/Editor/Settings/GroupSchemas/BundledAssetGroupSchema.cs Line: 561)

Default path variable Local.BuildPath not found when initializing BundledAssetGroupSchema. Please manually set the path via the groups window.
UnityEngine.StackTraceUtility:ExtractStackTrace ()
UnityEngine.DebugLogHandler:LogFormat (UnityEngine.LogType,UnityEngine.Object,string,object[])
UnityEngine.Logger:Log (UnityEngine.LogType,object)
UnityEngine.Debug:LogWarning (object)
UnityEditor.AddressableAssets.Settings.GroupSchemas.BundledAssetGroupSchema:SetPathVariable (UnityEditor.AddressableAssets.Settings.AddressableAssetSettings,UnityEditor.AddressableAssets.Settings.ProfileValueReference&,string,string,System.Collections.Generic.List`1<string>) (at Library/PackageCache/com.unity.addressables@1.19.19/Editor/Settings/GroupSchemas/BundledAssetGroupSchema.cs:561)
UnityEditor.AddressableAssets.Settings.GroupSchemas.BundledAssetGroupSchema:Validate () (at Library/PackageCache/com.unity.addressables@1.19.19/Editor/Settings/GroupSchemas/BundledAssetGroupSchema.cs:570)
UnityEditor.AddressableAssets.Settings.AddressableAssetGroup:Validate () (at Library/PackageCache/com.unity.addressables@1.19.19/Editor/Settings/AddressableAssetGroup.cs:448)
UnityEditor.AddressableAssets.Settings.AddressableAssetGroup:OnEnable () (at Library/PackageCache/com.unity.addressables@1.19.19/Editor/Settings/AddressableAssetGroup.cs:428)

(Filename: Library/PackageCache/com.unity.addressables@1.19.19/Editor/Settings/GroupSchemas/BundledAssetGroupSchema.cs Line: 561)

Default path variable Local.LoadPath not found when initializing BundledAssetGroupSchema. Please manually set the path via the groups window.
UnityEngine.StackTraceUtility:ExtractStackTrace ()
UnityEngine.DebugLogHandler:LogFormat (UnityEngine.LogType,UnityEngine.Object,string,object[])
UnityEngine.Logger:Log (UnityEngine.LogType,object)
UnityEngine.Debug:LogWarning (object)
UnityEditor.AddressableAssets.Settings.GroupSchemas.BundledAssetGroupSchema:SetPathVariable (UnityEditor.AddressableAssets.Settings.AddressableAssetSettings,UnityEditor.AddressableAssets.Settings.ProfileValueReference&,string,string,System.Collections.Generic.List`1<string>) (at Library/PackageCache/com.unity.addressables@1.19.19/Editor/Settings/GroupSchemas/BundledAssetGroupSchema.cs:561)
UnityEditor.AddressableAssets.Settings.GroupSchemas.BundledAssetGroupSchema:Validate () (at Library/PackageCache/com.unity.addressables@1.19.19/Editor/Settings/GroupSchemas/BundledAssetGroupSchema.cs:571)
UnityEditor.AddressableAssets.Settings.AddressableAssetGroup:Validate () (at Library/PackageCache/com.unity.addressables@1.19.19/Editor/Settings/AddressableAssetGroup.cs:448)
UnityEditor.AddressableAssets.Settings.AddressableAssetGroup:OnEnable () (at Library/PackageCache/com.unity.addressables@1.19.19/Editor/Settings/AddressableAssetGroup.cs:428)

(Filename: Library/PackageCache/com.unity.addressables@1.19.19/Editor/Settings/GroupSchemas/BundledAssetGroupSchema.cs Line: 561)

Mono: successfully reloaded assembly
- Completed reload, in  2.416 seconds
Domain Reload Profiling:
	ReloadAssembly (2418ms)
		BeginReloadAssembly (337ms)
			ExecutionOrderSort (0ms)
			DisableScriptedObjects (8ms)
			BackupInstance (0ms)
			ReleaseScriptingObjects (0ms)
			CreateAndSetChildDomain (63ms)
		EndReloadAssembly (1915ms)
			LoadAssemblies (299ms)
			RebuildTransferFunctionScriptingTraits (0ms)
			SetupTypeCache (548ms)
			ReleaseScriptCaches (4ms)
			RebuildScriptCaches (112ms)
			SetupLoadedEditorAssemblies (820ms)
				LogAssemblyErrors (0ms)
				InitializePlatformSupportModulesInManaged (14ms)
				SetLoadedEditorAssemblies (1ms)
				RefreshPlugins (2ms)
				BeforeProcessingInitializeOnLoad (123ms)
				ProcessInitializeOnLoadAttributes (431ms)
				ProcessInitializeOnLoadMethodAttributes (243ms)
				AfterProcessingInitializeOnLoad (6ms)
				EditorAssembliesLoaded (0ms)
			ExecutionOrderSort2 (0ms)
			AwakeInstancesAfterBackupRestoration (125ms)
Platform modules already initialized, skipping
Refreshing native plugins compatible for Editor in 5.55 ms, found 3 plugins.
Preloading 0 native plugins for Editor in 0.00 ms.
Unloading 5386 Unused Serialized files (Serialized files now loaded: 0)
Unloading 30 unused Assets / (0.7 MB). Loaded Objects now: 6002.
Memory consumption went from 205.1 MB to 204.5 MB.
Total: 7.927800 ms (FindLiveObjects: 1.193600 ms CreateObjectMapping: 1.277200 ms MarkObjects: 4.977900 ms  DeleteObjects: 0.477600 ms)

AssetImportParameters requested are different than current active one (requested -> active):
  custom:video-decoder-ogg-theora: a1e56fd34408186e4bbccfd4996cb3dc -> 
  custom:container-muxer-webm: aa71ff27fc2769a1b78a27578f13a17b -> 
  custom:container-demuxer-webm: 4f35f7cbe854078d1ac9338744f61a02 -> 
  custom:video-encoder-webm-vp8: eb34c28f22e8b96e1ab97ce403110664 -> 
  custom:audio-encoder-webm-vorbis: bf7c407c2cedff20999df2af8eb42d56 -> 
  custom:framework-win-MediaFoundation: 216162199b28c13a410421893ffa2e32 -> 
  custom:container-demuxer-ogg: 62fdf1f143b41e24485cea50d1cbac27 -> 
  custom:video-decoder-webm-vp8: 9c59270c3fd7afecdb556c50c9e8de78 -> 
  custom:audio-decoder-ogg-vorbis: bf7c407c2cedff20999df2af8eb42d56 -> 
========================================================================
Received Import Request.
  Time since last request: 29.931930 seconds.
  path: Assets/Script/JsonHelper.cs
  artifactKey: Guid(093c6cc43d0dd2c4cb723755331ad661) Importer(815301076,1909f56bfc062723c751e8b465ee728b)
Start importing Assets/Script/JsonHelper.cs using Guid(093c6cc43d0dd2c4cb723755331ad661) Importer(815301076,1909f56bfc062723c751e8b465ee728b)  -> (artifact id: 'b19488aa0e456da422541d8e217d9dd3') in 0.015625 seconds 
========================================================================
Received Import Request.
  Time since last request: 180.432419 seconds.
  path: Assets/Script/JsonHelper.cs
  artifactKey: Guid(093c6cc43d0dd2c4cb723755331ad661) Importer(815301076,1909f56bfc062723c751e8b465ee728b)
Start importing Assets/Script/JsonHelper.cs using Guid(093c6cc43d0dd2c4cb723755331ad661) Importer(815301076,1909f56bfc062723c751e8b465ee728b)  -> (artifact id: 'ee77e6e4c182d44e1cfde2fa9884b58c') in 0.003042 seconds 
