Using pre-set license
Built from '2021.3/staging' branch; Version is '2021.3.6f1 (7da38d85baf6) revision 8233869'; Using compiler version '192829333'; Build Type 'Release'
OS: 'Windows 10  (10.0.19043) 64bit Enterprise' Language: 'zh' Physical Memory: 32603 MB
BatchMode: 1, IsHumanControllingUs: 0, StartBugReporterOnCrash: 0, Is64bit: 1, IsPro: 1

COMMAND LINE ARGUMENTS:
C:\Program Files\Unity\Hub\Editor\2021.3.6f1\Editor\Unity.exe
-adb2
-batchMode
-noUpm
-name
AssetImportWorker0
-projectPath
C:/Users/mocheng/addressable
-logFile
Logs/AssetImportWorker0.log
-srvPort
61896
Successfully changed project path to: C:/Users/mocheng/addressable
C:/Users/mocheng/addressable
[UnityMemory] Configuration Parameters - Can be set up in boot.config
    "memorysetup-bucket-allocator-granularity=16"
    "memorysetup-bucket-allocator-bucket-count=8"
    "memorysetup-bucket-allocator-block-size=33554432"
    "memorysetup-bucket-allocator-block-count=8"
    "memorysetup-main-allocator-block-size=16777216"
    "memorysetup-thread-allocator-block-size=16777216"
    "memorysetup-gfx-main-allocator-block-size=16777216"
    "memorysetup-gfx-thread-allocator-block-size=16777216"
    "memorysetup-cache-allocator-block-size=4194304"
    "memorysetup-typetree-allocator-block-size=2097152"
    "memorysetup-profiler-bucket-allocator-granularity=16"
    "memorysetup-profiler-bucket-allocator-bucket-count=8"
    "memorysetup-profiler-bucket-allocator-block-size=33554432"
    "memorysetup-profiler-bucket-allocator-block-count=8"
    "memorysetup-profiler-allocator-block-size=16777216"
    "memorysetup-profiler-editor-allocator-block-size=1048576"
    "memorysetup-temp-allocator-size-main=16777216"
    "memorysetup-job-temp-allocator-block-size=2097152"
    "memorysetup-job-temp-allocator-block-size-background=1048576"
    "memorysetup-job-temp-allocator-reduction-small-platforms=262144"
    "memorysetup-temp-allocator-size-background-worker=32768"
    "memorysetup-temp-allocator-size-job-worker=262144"
    "memorysetup-temp-allocator-size-preload-manager=33554432"
    "memorysetup-temp-allocator-size-nav-mesh-worker=65536"
    "memorysetup-temp-allocator-size-audio-worker=65536"
    "memorysetup-temp-allocator-size-cloud-worker=32768"
    "memorysetup-temp-allocator-size-gi-baking-worker=262144"
    "memorysetup-temp-allocator-size-gfx=262144"
Refreshing native plugins compatible for Editor in 96.84 ms, found 3 plugins.
Preloading 0 native plugins for Editor in 0.00 ms.
Initialize engine version: 2021.3.6f1 (7da38d85baf6)
[Subsystems] Discovering subsystems at path C:/Program Files/Unity/Hub/Editor/2021.3.6f1/Editor/Data/Resources/UnitySubsystems
[Subsystems] Discovering subsystems at path C:/Users/mocheng/addressable/Assets
GfxDevice: creating device client; threaded=0; jobified=0
Direct3D:
    Version:  Direct3D 11.0 [level 11.1]
    Renderer: NVIDIA GeForce GTX 1060 6GB (ID=0x1c03)
    Vendor:   NVIDIA
    VRAM:     6052 MB
    Driver:   27.21.14.5751
Initialize mono
Mono path[0] = 'C:/Program Files/Unity/Hub/Editor/2021.3.6f1/Editor/Data/Managed'
Mono path[1] = 'C:/Program Files/Unity/Hub/Editor/2021.3.6f1/Editor/Data/MonoBleedingEdge/lib/mono/unityjit-win32'
Mono config path = 'C:/Program Files/Unity/Hub/Editor/2021.3.6f1/Editor/Data/MonoBleedingEdge/etc'
Using monoOptions --debugger-agent=transport=dt_socket,embedding=1,server=y,suspend=n,address=127.0.0.1:56264
Begin MonoManager ReloadAssembly
Registering precompiled unity dll's ...
Register platform support module: C:/Program Files/Unity/Hub/Editor/2021.3.6f1/Editor/Data/PlaybackEngines/WindowsStandaloneSupport/UnityEditor.WindowsStandalone.Extensions.dll
Registered in 0.003664 seconds.
Native extension for WindowsStandalone target not found
Refreshing native plugins compatible for Editor in 105.75 ms, found 3 plugins.
Preloading 0 native plugins for Editor in 0.00 ms.
Mono: successfully reloaded assembly
- Completed reload, in  0.612 seconds
Domain Reload Profiling:
	ReloadAssembly (612ms)
		BeginReloadAssembly (82ms)
			ExecutionOrderSort (0ms)
			DisableScriptedObjects (0ms)
			BackupInstance (0ms)
			ReleaseScriptingObjects (0ms)
			CreateAndSetChildDomain (1ms)
		EndReloadAssembly (434ms)
			LoadAssemblies (82ms)
			RebuildTransferFunctionScriptingTraits (0ms)
			SetupTypeCache (103ms)
			ReleaseScriptCaches (0ms)
			RebuildScriptCaches (28ms)
			SetupLoadedEditorAssemblies (259ms)
				LogAssemblyErrors (0ms)
				InitializePlatformSupportModulesInManaged (6ms)
				SetLoadedEditorAssemblies (0ms)
				RefreshPlugins (106ms)
				BeforeProcessingInitializeOnLoad (1ms)
				ProcessInitializeOnLoadAttributes (105ms)
				ProcessInitializeOnLoadMethodAttributes (41ms)
				AfterProcessingInitializeOnLoad (0ms)
				EditorAssembliesLoaded (0ms)
			ExecutionOrderSort2 (0ms)
			AwakeInstancesAfterBackupRestoration (0ms)
Platform modules already initialized, skipping
Registering precompiled user dll's ...
Registered in 0.007534 seconds.
Begin MonoManager ReloadAssembly
Symbol file LoadedFromMemory doesn't match image C:\Users\mocheng\addressable\Library\PackageCache\com.unity.visualscripting@1.7.8\Editor\VisualScripting.Core\Dependencies\YamlDotNet\Unity.VisualScripting.YamlDotNet.dll
Symbol file LoadedFromMemory doesn't match image C:\Users\mocheng\addressable\Library\PackageCache\com.unity.visualscripting@1.7.8\Editor\VisualScripting.Core\Dependencies\DotNetZip\Unity.VisualScripting.IonicZip.dll
Native extension for WindowsStandalone target not found
Refreshing native plugins compatible for Editor in 95.61 ms, found 3 plugins.
Preloading 0 native plugins for Editor in 0.00 ms.
Mono: successfully reloaded assembly
- Completed reload, in  1.231 seconds
Domain Reload Profiling:
	ReloadAssembly (1231ms)
		BeginReloadAssembly (121ms)
			ExecutionOrderSort (0ms)
			DisableScriptedObjects (5ms)
			BackupInstance (0ms)
			ReleaseScriptingObjects (0ms)
			CreateAndSetChildDomain (18ms)
		EndReloadAssembly (1010ms)
			LoadAssemblies (115ms)
			RebuildTransferFunctionScriptingTraits (0ms)
			SetupTypeCache (249ms)
			ReleaseScriptCaches (1ms)
			RebuildScriptCaches (57ms)
			SetupLoadedEditorAssemblies (575ms)
				LogAssemblyErrors (0ms)
				InitializePlatformSupportModulesInManaged (3ms)
				SetLoadedEditorAssemblies (0ms)
				RefreshPlugins (96ms)
				BeforeProcessingInitializeOnLoad (103ms)
				ProcessInitializeOnLoadAttributes (294ms)
				ProcessInitializeOnLoadMethodAttributes (76ms)
				AfterProcessingInitializeOnLoad (3ms)
				EditorAssembliesLoaded (0ms)
			ExecutionOrderSort2 (0ms)
			AwakeInstancesAfterBackupRestoration (10ms)
Platform modules already initialized, skipping
========================================================================
Worker process is ready to serve import requests
Launched and connected shader compiler UnityShaderCompiler.exe after 0.04 seconds
Refreshing native plugins compatible for Editor in 0.85 ms, found 3 plugins.
Preloading 0 native plugins for Editor in 0.00 ms.
Unloading 5540 Unused Serialized files (Serialized files now loaded: 0)
Unloading 37 unused Assets / (0.7 MB). Loaded Objects now: 5992.
Memory consumption went from 215.1 MB to 214.4 MB.
Total: 3.749300 ms (FindLiveObjects: 0.445400 ms CreateObjectMapping: 0.363800 ms MarkObjects: 2.659900 ms  DeleteObjects: 0.278700 ms)

AssetImportParameters requested are different than current active one (requested -> active):
  custom:video-decoder-ogg-theora: a1e56fd34408186e4bbccfd4996cb3dc -> 
  custom:container-muxer-webm: aa71ff27fc2769a1b78a27578f13a17b -> 
  custom:container-demuxer-webm: 4f35f7cbe854078d1ac9338744f61a02 -> 
  custom:video-encoder-webm-vp8: eb34c28f22e8b96e1ab97ce403110664 -> 
  custom:audio-encoder-webm-vorbis: bf7c407c2cedff20999df2af8eb42d56 -> 
  custom:framework-win-MediaFoundation: 216162199b28c13a410421893ffa2e32 -> 
  custom:container-demuxer-ogg: 62fdf1f143b41e24485cea50d1cbac27 -> 
  custom:video-decoder-webm-vp8: 9c59270c3fd7afecdb556c50c9e8de78 -> 
  custom:audio-decoder-ogg-vorbis: bf7c407c2cedff20999df2af8eb42d56 -> 
========================================================================
Received Prepare
Registering precompiled user dll's ...
Registered in 0.008847 seconds.
Begin MonoManager ReloadAssembly
Symbol file LoadedFromMemory doesn't match image C:\Users\mocheng\addressable\Library\PackageCache\com.unity.visualscripting@1.7.8\Editor\VisualScripting.Core\Dependencies\YamlDotNet\Unity.VisualScripting.YamlDotNet.dll
Symbol file LoadedFromMemory doesn't match image C:\Users\mocheng\addressable\Library\PackageCache\com.unity.visualscripting@1.7.8\Editor\VisualScripting.Core\Dependencies\DotNetZip\Unity.VisualScripting.IonicZip.dll
Native extension for WindowsStandalone target not found
Refreshing native plugins compatible for Editor in 0.92 ms, found 3 plugins.
Preloading 0 native plugins for Editor in 0.00 ms.
Default path variable Local.BuildPath not found when initializing BundledAssetGroupSchema. Please manually set the path via the groups window.
UnityEngine.StackTraceUtility:ExtractStackTrace ()
UnityEngine.DebugLogHandler:LogFormat (UnityEngine.LogType,UnityEngine.Object,string,object[])
UnityEngine.Logger:Log (UnityEngine.LogType,object)
UnityEngine.Debug:LogWarning (object)
UnityEditor.AddressableAssets.Settings.GroupSchemas.BundledAssetGroupSchema:SetPathVariable (UnityEditor.AddressableAssets.Settings.AddressableAssetSettings,UnityEditor.AddressableAssets.Settings.ProfileValueReference&,string,string,System.Collections.Generic.List`1<string>) (at Library/PackageCache/com.unity.addressables@1.19.19/Editor/Settings/GroupSchemas/BundledAssetGroupSchema.cs:561)
UnityEditor.AddressableAssets.Settings.GroupSchemas.BundledAssetGroupSchema:Validate () (at Library/PackageCache/com.unity.addressables@1.19.19/Editor/Settings/GroupSchemas/BundledAssetGroupSchema.cs:570)
UnityEditor.AddressableAssets.Settings.AddressableAssetGroup:Validate () (at Library/PackageCache/com.unity.addressables@1.19.19/Editor/Settings/AddressableAssetGroup.cs:448)
UnityEditor.AddressableAssets.Settings.AddressableAssetGroup:OnEnable () (at Library/PackageCache/com.unity.addressables@1.19.19/Editor/Settings/AddressableAssetGroup.cs:428)

(Filename: Library/PackageCache/com.unity.addressables@1.19.19/Editor/Settings/GroupSchemas/BundledAssetGroupSchema.cs Line: 561)

Default path variable Local.LoadPath not found when initializing BundledAssetGroupSchema. Please manually set the path via the groups window.
UnityEngine.StackTraceUtility:ExtractStackTrace ()
UnityEngine.DebugLogHandler:LogFormat (UnityEngine.LogType,UnityEngine.Object,string,object[])
UnityEngine.Logger:Log (UnityEngine.LogType,object)
UnityEngine.Debug:LogWarning (object)
UnityEditor.AddressableAssets.Settings.GroupSchemas.BundledAssetGroupSchema:SetPathVariable (UnityEditor.AddressableAssets.Settings.AddressableAssetSettings,UnityEditor.AddressableAssets.Settings.ProfileValueReference&,string,string,System.Collections.Generic.List`1<string>) (at Library/PackageCache/com.unity.addressables@1.19.19/Editor/Settings/GroupSchemas/BundledAssetGroupSchema.cs:561)
UnityEditor.AddressableAssets.Settings.GroupSchemas.BundledAssetGroupSchema:Validate () (at Library/PackageCache/com.unity.addressables@1.19.19/Editor/Settings/GroupSchemas/BundledAssetGroupSchema.cs:571)
UnityEditor.AddressableAssets.Settings.AddressableAssetGroup:Validate () (at Library/PackageCache/com.unity.addressables@1.19.19/Editor/Settings/AddressableAssetGroup.cs:448)
UnityEditor.AddressableAssets.Settings.AddressableAssetGroup:OnEnable () (at Library/PackageCache/com.unity.addressables@1.19.19/Editor/Settings/AddressableAssetGroup.cs:428)

(Filename: Library/PackageCache/com.unity.addressables@1.19.19/Editor/Settings/GroupSchemas/BundledAssetGroupSchema.cs Line: 561)

Default path variable Local.BuildPath not found when initializing BundledAssetGroupSchema. Please manually set the path via the groups window.
UnityEngine.StackTraceUtility:ExtractStackTrace ()
UnityEngine.DebugLogHandler:LogFormat (UnityEngine.LogType,UnityEngine.Object,string,object[])
UnityEngine.Logger:Log (UnityEngine.LogType,object)
UnityEngine.Debug:LogWarning (object)
UnityEditor.AddressableAssets.Settings.GroupSchemas.BundledAssetGroupSchema:SetPathVariable (UnityEditor.AddressableAssets.Settings.AddressableAssetSettings,UnityEditor.AddressableAssets.Settings.ProfileValueReference&,string,string,System.Collections.Generic.List`1<string>) (at Library/PackageCache/com.unity.addressables@1.19.19/Editor/Settings/GroupSchemas/BundledAssetGroupSchema.cs:561)
UnityEditor.AddressableAssets.Settings.GroupSchemas.BundledAssetGroupSchema:Validate () (at Library/PackageCache/com.unity.addressables@1.19.19/Editor/Settings/GroupSchemas/BundledAssetGroupSchema.cs:570)
UnityEditor.AddressableAssets.Settings.AddressableAssetGroup:Validate () (at Library/PackageCache/com.unity.addressables@1.19.19/Editor/Settings/AddressableAssetGroup.cs:448)
UnityEditor.AddressableAssets.Settings.AddressableAssetGroup:OnEnable () (at Library/PackageCache/com.unity.addressables@1.19.19/Editor/Settings/AddressableAssetGroup.cs:428)

(Filename: Library/PackageCache/com.unity.addressables@1.19.19/Editor/Settings/GroupSchemas/BundledAssetGroupSchema.cs Line: 561)

Default path variable Local.LoadPath not found when initializing BundledAssetGroupSchema. Please manually set the path via the groups window.
UnityEngine.StackTraceUtility:ExtractStackTrace ()
UnityEngine.DebugLogHandler:LogFormat (UnityEngine.LogType,UnityEngine.Object,string,object[])
UnityEngine.Logger:Log (UnityEngine.LogType,object)
UnityEngine.Debug:LogWarning (object)
UnityEditor.AddressableAssets.Settings.GroupSchemas.BundledAssetGroupSchema:SetPathVariable (UnityEditor.AddressableAssets.Settings.AddressableAssetSettings,UnityEditor.AddressableAssets.Settings.ProfileValueReference&,string,string,System.Collections.Generic.List`1<string>) (at Library/PackageCache/com.unity.addressables@1.19.19/Editor/Settings/GroupSchemas/BundledAssetGroupSchema.cs:561)
UnityEditor.AddressableAssets.Settings.GroupSchemas.BundledAssetGroupSchema:Validate () (at Library/PackageCache/com.unity.addressables@1.19.19/Editor/Settings/GroupSchemas/BundledAssetGroupSchema.cs:571)
UnityEditor.AddressableAssets.Settings.AddressableAssetGroup:Validate () (at Library/PackageCache/com.unity.addressables@1.19.19/Editor/Settings/AddressableAssetGroup.cs:448)
UnityEditor.AddressableAssets.Settings.AddressableAssetGroup:OnEnable () (at Library/PackageCache/com.unity.addressables@1.19.19/Editor/Settings/AddressableAssetGroup.cs:428)

(Filename: Library/PackageCache/com.unity.addressables@1.19.19/Editor/Settings/GroupSchemas/BundledAssetGroupSchema.cs Line: 561)

Default path variable Local.BuildPath not found when initializing BundledAssetGroupSchema. Please manually set the path via the groups window.
UnityEngine.StackTraceUtility:ExtractStackTrace ()
UnityEngine.DebugLogHandler:LogFormat (UnityEngine.LogType,UnityEngine.Object,string,object[])
UnityEngine.Logger:Log (UnityEngine.LogType,object)
UnityEngine.Debug:LogWarning (object)
UnityEditor.AddressableAssets.Settings.GroupSchemas.BundledAssetGroupSchema:SetPathVariable (UnityEditor.AddressableAssets.Settings.AddressableAssetSettings,UnityEditor.AddressableAssets.Settings.ProfileValueReference&,string,string,System.Collections.Generic.List`1<string>) (at Library/PackageCache/com.unity.addressables@1.19.19/Editor/Settings/GroupSchemas/BundledAssetGroupSchema.cs:561)
UnityEditor.AddressableAssets.Settings.GroupSchemas.BundledAssetGroupSchema:Validate () (at Library/PackageCache/com.unity.addressables@1.19.19/Editor/Settings/GroupSchemas/BundledAssetGroupSchema.cs:570)
UnityEditor.AddressableAssets.Settings.AddressableAssetGroup:Validate () (at Library/PackageCache/com.unity.addressables@1.19.19/Editor/Settings/AddressableAssetGroup.cs:448)
UnityEditor.AddressableAssets.Settings.AddressableAssetGroup:OnEnable () (at Library/PackageCache/com.unity.addressables@1.19.19/Editor/Settings/AddressableAssetGroup.cs:428)

(Filename: Library/PackageCache/com.unity.addressables@1.19.19/Editor/Settings/GroupSchemas/BundledAssetGroupSchema.cs Line: 561)

Default path variable Local.LoadPath not found when initializing BundledAssetGroupSchema. Please manually set the path via the groups window.
UnityEngine.StackTraceUtility:ExtractStackTrace ()
UnityEngine.DebugLogHandler:LogFormat (UnityEngine.LogType,UnityEngine.Object,string,object[])
UnityEngine.Logger:Log (UnityEngine.LogType,object)
UnityEngine.Debug:LogWarning (object)
UnityEditor.AddressableAssets.Settings.GroupSchemas.BundledAssetGroupSchema:SetPathVariable (UnityEditor.AddressableAssets.Settings.AddressableAssetSettings,UnityEditor.AddressableAssets.Settings.ProfileValueReference&,string,string,System.Collections.Generic.List`1<string>) (at Library/PackageCache/com.unity.addressables@1.19.19/Editor/Settings/GroupSchemas/BundledAssetGroupSchema.cs:561)
UnityEditor.AddressableAssets.Settings.GroupSchemas.BundledAssetGroupSchema:Validate () (at Library/PackageCache/com.unity.addressables@1.19.19/Editor/Settings/GroupSchemas/BundledAssetGroupSchema.cs:571)
UnityEditor.AddressableAssets.Settings.AddressableAssetGroup:Validate () (at Library/PackageCache/com.unity.addressables@1.19.19/Editor/Settings/AddressableAssetGroup.cs:448)
UnityEditor.AddressableAssets.Settings.AddressableAssetGroup:OnEnable () (at Library/PackageCache/com.unity.addressables@1.19.19/Editor/Settings/AddressableAssetGroup.cs:428)

(Filename: Library/PackageCache/com.unity.addressables@1.19.19/Editor/Settings/GroupSchemas/BundledAssetGroupSchema.cs Line: 561)

Mono: successfully reloaded assembly
- Completed reload, in  1.177 seconds
Domain Reload Profiling:
	ReloadAssembly (1178ms)
		BeginReloadAssembly (210ms)
			ExecutionOrderSort (0ms)
			DisableScriptedObjects (6ms)
			BackupInstance (0ms)
			ReleaseScriptingObjects (0ms)
			CreateAndSetChildDomain (49ms)
		EndReloadAssembly (882ms)
			LoadAssemblies (166ms)
			RebuildTransferFunctionScriptingTraits (0ms)
			SetupTypeCache (256ms)
			ReleaseScriptCaches (2ms)
			RebuildScriptCaches (62ms)
			SetupLoadedEditorAssemblies (366ms)
				LogAssemblyErrors (0ms)
				InitializePlatformSupportModulesInManaged (9ms)
				SetLoadedEditorAssemblies (0ms)
				RefreshPlugins (1ms)
				BeforeProcessingInitializeOnLoad (77ms)
				ProcessInitializeOnLoadAttributes (192ms)
				ProcessInitializeOnLoadMethodAttributes (83ms)
				AfterProcessingInitializeOnLoad (3ms)
				EditorAssembliesLoaded (0ms)
			ExecutionOrderSort2 (0ms)
			AwakeInstancesAfterBackupRestoration (43ms)
Platform modules already initialized, skipping
Refreshing native plugins compatible for Editor in 2.35 ms, found 3 plugins.
Preloading 0 native plugins for Editor in 0.00 ms.
Unloading 5385 Unused Serialized files (Serialized files now loaded: 0)
Unloading 30 unused Assets / (0.7 MB). Loaded Objects now: 5995.
Memory consumption went from 205.1 MB to 204.4 MB.
Total: 4.862100 ms (FindLiveObjects: 0.587900 ms CreateObjectMapping: 0.519300 ms MarkObjects: 3.473700 ms  DeleteObjects: 0.279800 ms)

AssetImportParameters requested are different than current active one (requested -> active):
  custom:video-decoder-ogg-theora: a1e56fd34408186e4bbccfd4996cb3dc -> 
  custom:container-muxer-webm: aa71ff27fc2769a1b78a27578f13a17b -> 
  custom:container-demuxer-webm: 4f35f7cbe854078d1ac9338744f61a02 -> 
  custom:video-encoder-webm-vp8: eb34c28f22e8b96e1ab97ce403110664 -> 
  custom:audio-encoder-webm-vorbis: bf7c407c2cedff20999df2af8eb42d56 -> 
  custom:framework-win-MediaFoundation: 216162199b28c13a410421893ffa2e32 -> 
  custom:container-demuxer-ogg: 62fdf1f143b41e24485cea50d1cbac27 -> 
  custom:video-decoder-webm-vp8: 9c59270c3fd7afecdb556c50c9e8de78 -> 
  custom:audio-decoder-ogg-vorbis: bf7c407c2cedff20999df2af8eb42d56 -> 
========================================================================
Received Import Request.
  Time since last request: 19637.051913 seconds.
  path: Assets/AddressableAssetsData/AssetGroups/mochengHello.asset
  artifactKey: Guid(aa18efb0be22aa44b9dca3436a894f3a) Importer(815301076,1909f56bfc062723c751e8b465ee728b)
Start importing Assets/AddressableAssetsData/AssetGroups/mochengHello.asset using Guid(aa18efb0be22aa44b9dca3436a894f3a) Importer(815301076,1909f56bfc062723c751e8b465ee728b) Default path variable Local.BuildPath not found when initializing BundledAssetGroupSchema. Please manually set the path via the groups window.
UnityEngine.StackTraceUtility:ExtractStackTrace ()
UnityEngine.DebugLogHandler:LogFormat (UnityEngine.LogType,UnityEngine.Object,string,object[])
UnityEngine.Logger:Log (UnityEngine.LogType,object)
UnityEngine.Debug:LogWarning (object)
UnityEditor.AddressableAssets.Settings.GroupSchemas.BundledAssetGroupSchema:SetPathVariable (UnityEditor.AddressableAssets.Settings.AddressableAssetSettings,UnityEditor.AddressableAssets.Settings.ProfileValueReference&,string,string,System.Collections.Generic.List`1<string>) (at Library/PackageCache/com.unity.addressables@1.19.19/Editor/Settings/GroupSchemas/BundledAssetGroupSchema.cs:561)
UnityEditor.AddressableAssets.Settings.GroupSchemas.BundledAssetGroupSchema:Validate () (at Library/PackageCache/com.unity.addressables@1.19.19/Editor/Settings/GroupSchemas/BundledAssetGroupSchema.cs:570)
UnityEditor.AddressableAssets.Settings.AddressableAssetGroup:Validate () (at Library/PackageCache/com.unity.addressables@1.19.19/Editor/Settings/AddressableAssetGroup.cs:448)
UnityEditor.AddressableAssets.Settings.AddressableAssetGroup:OnEnable () (at Library/PackageCache/com.unity.addressables@1.19.19/Editor/Settings/AddressableAssetGroup.cs:428)

(Filename: Library/PackageCache/com.unity.addressables@1.19.19/Editor/Settings/GroupSchemas/BundledAssetGroupSchema.cs Line: 561)

Default path variable Local.LoadPath not found when initializing BundledAssetGroupSchema. Please manually set the path via the groups window.
UnityEngine.StackTraceUtility:ExtractStackTrace ()
UnityEngine.DebugLogHandler:LogFormat (UnityEngine.LogType,UnityEngine.Object,string,object[])
UnityEngine.Logger:Log (UnityEngine.LogType,object)
UnityEngine.Debug:LogWarning (object)
UnityEditor.AddressableAssets.Settings.GroupSchemas.BundledAssetGroupSchema:SetPathVariable (UnityEditor.AddressableAssets.Settings.AddressableAssetSettings,UnityEditor.AddressableAssets.Settings.ProfileValueReference&,string,string,System.Collections.Generic.List`1<string>) (at Library/PackageCache/com.unity.addressables@1.19.19/Editor/Settings/GroupSchemas/BundledAssetGroupSchema.cs:561)
UnityEditor.AddressableAssets.Settings.GroupSchemas.BundledAssetGroupSchema:Validate () (at Library/PackageCache/com.unity.addressables@1.19.19/Editor/Settings/GroupSchemas/BundledAssetGroupSchema.cs:571)
UnityEditor.AddressableAssets.Settings.AddressableAssetGroup:Validate () (at Library/PackageCache/com.unity.addressables@1.19.19/Editor/Settings/AddressableAssetGroup.cs:448)
UnityEditor.AddressableAssets.Settings.AddressableAssetGroup:OnEnable () (at Library/PackageCache/com.unity.addressables@1.19.19/Editor/Settings/AddressableAssetGroup.cs:428)

(Filename: Library/PackageCache/com.unity.addressables@1.19.19/Editor/Settings/GroupSchemas/BundledAssetGroupSchema.cs Line: 561)

 -> (artifact id: 'cb6c6cfd9533c3ae9d1f269b7ee6e8dd') in 0.035472 seconds 
========================================================================
Received Import Request.
  Time since last request: 5.936307 seconds.
  path: Assets/AddressableAssetsData/AssetGroups/mochengHello.asset
  artifactKey: Guid(aa18efb0be22aa44b9dca3436a894f3a) Importer(815301076,1909f56bfc062723c751e8b465ee728b)
Start importing Assets/AddressableAssetsData/AssetGroups/mochengHello.asset using Guid(aa18efb0be22aa44b9dca3436a894f3a) Importer(815301076,1909f56bfc062723c751e8b465ee728b) Default path variable Local.BuildPath not found when initializing BundledAssetGroupSchema. Please manually set the path via the groups window.
UnityEngine.StackTraceUtility:ExtractStackTrace ()
UnityEngine.DebugLogHandler:LogFormat (UnityEngine.LogType,UnityEngine.Object,string,object[])
UnityEngine.Logger:Log (UnityEngine.LogType,object)
UnityEngine.Debug:LogWarning (object)
UnityEditor.AddressableAssets.Settings.GroupSchemas.BundledAssetGroupSchema:SetPathVariable (UnityEditor.AddressableAssets.Settings.AddressableAssetSettings,UnityEditor.AddressableAssets.Settings.ProfileValueReference&,string,string,System.Collections.Generic.List`1<string>) (at Library/PackageCache/com.unity.addressables@1.19.19/Editor/Settings/GroupSchemas/BundledAssetGroupSchema.cs:561)
UnityEditor.AddressableAssets.Settings.GroupSchemas.BundledAssetGroupSchema:Validate () (at Library/PackageCache/com.unity.addressables@1.19.19/Editor/Settings/GroupSchemas/BundledAssetGroupSchema.cs:570)
UnityEditor.AddressableAssets.Settings.AddressableAssetGroup:Validate () (at Library/PackageCache/com.unity.addressables@1.19.19/Editor/Settings/AddressableAssetGroup.cs:448)
UnityEditor.AddressableAssets.Settings.AddressableAssetGroup:OnEnable () (at Library/PackageCache/com.unity.addressables@1.19.19/Editor/Settings/AddressableAssetGroup.cs:428)

(Filename: Library/PackageCache/com.unity.addressables@1.19.19/Editor/Settings/GroupSchemas/BundledAssetGroupSchema.cs Line: 561)

Default path variable Local.LoadPath not found when initializing BundledAssetGroupSchema. Please manually set the path via the groups window.
UnityEngine.StackTraceUtility:ExtractStackTrace ()
UnityEngine.DebugLogHandler:LogFormat (UnityEngine.LogType,UnityEngine.Object,string,object[])
UnityEngine.Logger:Log (UnityEngine.LogType,object)
UnityEngine.Debug:LogWarning (object)
UnityEditor.AddressableAssets.Settings.GroupSchemas.BundledAssetGroupSchema:SetPathVariable (UnityEditor.AddressableAssets.Settings.AddressableAssetSettings,UnityEditor.AddressableAssets.Settings.ProfileValueReference&,string,string,System.Collections.Generic.List`1<string>) (at Library/PackageCache/com.unity.addressables@1.19.19/Editor/Settings/GroupSchemas/BundledAssetGroupSchema.cs:561)
UnityEditor.AddressableAssets.Settings.GroupSchemas.BundledAssetGroupSchema:Validate () (at Library/PackageCache/com.unity.addressables@1.19.19/Editor/Settings/GroupSchemas/BundledAssetGroupSchema.cs:571)
UnityEditor.AddressableAssets.Settings.AddressableAssetGroup:Validate () (at Library/PackageCache/com.unity.addressables@1.19.19/Editor/Settings/AddressableAssetGroup.cs:448)
UnityEditor.AddressableAssets.Settings.AddressableAssetGroup:OnEnable () (at Library/PackageCache/com.unity.addressables@1.19.19/Editor/Settings/AddressableAssetGroup.cs:428)

(Filename: Library/PackageCache/com.unity.addressables@1.19.19/Editor/Settings/GroupSchemas/BundledAssetGroupSchema.cs Line: 561)

 -> (artifact id: '4c96215475946319ec045e1d43a617b2') in 0.002975 seconds 
========================================================================
Received Import Request.
  Time since last request: 42.849870 seconds.
  path: Assets/Script/Build/MoChengBuild.cs
  artifactKey: Guid(a5c86265763c0be44ac8c0f90789e190) Importer(815301076,1909f56bfc062723c751e8b465ee728b)
Start importing Assets/Script/Build/MoChengBuild.cs using Guid(a5c86265763c0be44ac8c0f90789e190) Importer(815301076,1909f56bfc062723c751e8b465ee728b)  -> (artifact id: 'a36700fe184cdb166edfd00710425796') in 0.006162 seconds 
========================================================================
Received Import Request.
  Time since last request: 5.250496 seconds.
  path: Assets/Script/Build/MoChengBuildUtil.cs
  artifactKey: Guid(acb9631115085754497b11e73bfec8e3) Importer(815301076,1909f56bfc062723c751e8b465ee728b)
Start importing Assets/Script/Build/MoChengBuildUtil.cs using Guid(acb9631115085754497b11e73bfec8e3) Importer(815301076,1909f56bfc062723c751e8b465ee728b)  -> (artifact id: '0648fca2a94a3a69c4cadf54a1e801d6') in 0.001988 seconds 
========================================================================
Received Import Request.
  Time since last request: 9.651935 seconds.
  path: Assets/Script/Build/MoChengBuildPath.cs
  artifactKey: Guid(7c0b4e3ea3b0f644aa326df5620452db) Importer(815301076,1909f56bfc062723c751e8b465ee728b)
Start importing Assets/Script/Build/MoChengBuildPath.cs using Guid(7c0b4e3ea3b0f644aa326df5620452db) Importer(815301076,1909f56bfc062723c751e8b465ee728b)  -> (artifact id: 'a2a9107052ee96f1c226155b306c9670') in 0.002056 seconds 
========================================================================
Received Prepare
Registering precompiled user dll's ...
Registered in 0.008320 seconds.
Begin MonoManager ReloadAssembly
Symbol file LoadedFromMemory doesn't match image C:\Users\mocheng\addressable\Library\PackageCache\com.unity.visualscripting@1.7.8\Editor\VisualScripting.Core\Dependencies\YamlDotNet\Unity.VisualScripting.YamlDotNet.dll
Symbol file LoadedFromMemory doesn't match image C:\Users\mocheng\addressable\Library\PackageCache\com.unity.visualscripting@1.7.8\Editor\VisualScripting.Core\Dependencies\DotNetZip\Unity.VisualScripting.IonicZip.dll
Native extension for WindowsStandalone target not found
Refreshing native plugins compatible for Editor in 1.30 ms, found 3 plugins.
Preloading 0 native plugins for Editor in 0.00 ms.
Default path variable Local.BuildPath not found when initializing BundledAssetGroupSchema. Please manually set the path via the groups window.
UnityEngine.StackTraceUtility:ExtractStackTrace ()
UnityEngine.DebugLogHandler:LogFormat (UnityEngine.LogType,UnityEngine.Object,string,object[])
UnityEngine.Logger:Log (UnityEngine.LogType,object)
UnityEngine.Debug:LogWarning (object)
UnityEditor.AddressableAssets.Settings.GroupSchemas.BundledAssetGroupSchema:SetPathVariable (UnityEditor.AddressableAssets.Settings.AddressableAssetSettings,UnityEditor.AddressableAssets.Settings.ProfileValueReference&,string,string,System.Collections.Generic.List`1<string>) (at Library/PackageCache/com.unity.addressables@1.19.19/Editor/Settings/GroupSchemas/BundledAssetGroupSchema.cs:561)
UnityEditor.AddressableAssets.Settings.GroupSchemas.BundledAssetGroupSchema:Validate () (at Library/PackageCache/com.unity.addressables@1.19.19/Editor/Settings/GroupSchemas/BundledAssetGroupSchema.cs:570)
UnityEditor.AddressableAssets.Settings.AddressableAssetGroup:Validate () (at Library/PackageCache/com.unity.addressables@1.19.19/Editor/Settings/AddressableAssetGroup.cs:448)
UnityEditor.AddressableAssets.Settings.AddressableAssetGroup:OnEnable () (at Library/PackageCache/com.unity.addressables@1.19.19/Editor/Settings/AddressableAssetGroup.cs:428)

(Filename: Library/PackageCache/com.unity.addressables@1.19.19/Editor/Settings/GroupSchemas/BundledAssetGroupSchema.cs Line: 561)

Default path variable Local.LoadPath not found when initializing BundledAssetGroupSchema. Please manually set the path via the groups window.
UnityEngine.StackTraceUtility:ExtractStackTrace ()
UnityEngine.DebugLogHandler:LogFormat (UnityEngine.LogType,UnityEngine.Object,string,object[])
UnityEngine.Logger:Log (UnityEngine.LogType,object)
UnityEngine.Debug:LogWarning (object)
UnityEditor.AddressableAssets.Settings.GroupSchemas.BundledAssetGroupSchema:SetPathVariable (UnityEditor.AddressableAssets.Settings.AddressableAssetSettings,UnityEditor.AddressableAssets.Settings.ProfileValueReference&,string,string,System.Collections.Generic.List`1<string>) (at Library/PackageCache/com.unity.addressables@1.19.19/Editor/Settings/GroupSchemas/BundledAssetGroupSchema.cs:561)
UnityEditor.AddressableAssets.Settings.GroupSchemas.BundledAssetGroupSchema:Validate () (at Library/PackageCache/com.unity.addressables@1.19.19/Editor/Settings/GroupSchemas/BundledAssetGroupSchema.cs:571)
UnityEditor.AddressableAssets.Settings.AddressableAssetGroup:Validate () (at Library/PackageCache/com.unity.addressables@1.19.19/Editor/Settings/AddressableAssetGroup.cs:448)
UnityEditor.AddressableAssets.Settings.AddressableAssetGroup:OnEnable () (at Library/PackageCache/com.unity.addressables@1.19.19/Editor/Settings/AddressableAssetGroup.cs:428)

(Filename: Library/PackageCache/com.unity.addressables@1.19.19/Editor/Settings/GroupSchemas/BundledAssetGroupSchema.cs Line: 561)

Default path variable Local.BuildPath not found when initializing BundledAssetGroupSchema. Please manually set the path via the groups window.
UnityEngine.StackTraceUtility:ExtractStackTrace ()
UnityEngine.DebugLogHandler:LogFormat (UnityEngine.LogType,UnityEngine.Object,string,object[])
UnityEngine.Logger:Log (UnityEngine.LogType,object)
UnityEngine.Debug:LogWarning (object)
UnityEditor.AddressableAssets.Settings.GroupSchemas.BundledAssetGroupSchema:SetPathVariable (UnityEditor.AddressableAssets.Settings.AddressableAssetSettings,UnityEditor.AddressableAssets.Settings.ProfileValueReference&,string,string,System.Collections.Generic.List`1<string>) (at Library/PackageCache/com.unity.addressables@1.19.19/Editor/Settings/GroupSchemas/BundledAssetGroupSchema.cs:561)
UnityEditor.AddressableAssets.Settings.GroupSchemas.BundledAssetGroupSchema:Validate () (at Library/PackageCache/com.unity.addressables@1.19.19/Editor/Settings/GroupSchemas/BundledAssetGroupSchema.cs:570)
UnityEditor.AddressableAssets.Settings.AddressableAssetGroup:Validate () (at Library/PackageCache/com.unity.addressables@1.19.19/Editor/Settings/AddressableAssetGroup.cs:448)
UnityEditor.AddressableAssets.Settings.AddressableAssetGroup:OnEnable () (at Library/PackageCache/com.unity.addressables@1.19.19/Editor/Settings/AddressableAssetGroup.cs:428)

(Filename: Library/PackageCache/com.unity.addressables@1.19.19/Editor/Settings/GroupSchemas/BundledAssetGroupSchema.cs Line: 561)

Default path variable Local.LoadPath not found when initializing BundledAssetGroupSchema. Please manually set the path via the groups window.
UnityEngine.StackTraceUtility:ExtractStackTrace ()
UnityEngine.DebugLogHandler:LogFormat (UnityEngine.LogType,UnityEngine.Object,string,object[])
UnityEngine.Logger:Log (UnityEngine.LogType,object)
UnityEngine.Debug:LogWarning (object)
UnityEditor.AddressableAssets.Settings.GroupSchemas.BundledAssetGroupSchema:SetPathVariable (UnityEditor.AddressableAssets.Settings.AddressableAssetSettings,UnityEditor.AddressableAssets.Settings.ProfileValueReference&,string,string,System.Collections.Generic.List`1<string>) (at Library/PackageCache/com.unity.addressables@1.19.19/Editor/Settings/GroupSchemas/BundledAssetGroupSchema.cs:561)
UnityEditor.AddressableAssets.Settings.GroupSchemas.BundledAssetGroupSchema:Validate () (at Library/PackageCache/com.unity.addressables@1.19.19/Editor/Settings/GroupSchemas/BundledAssetGroupSchema.cs:571)
UnityEditor.AddressableAssets.Settings.AddressableAssetGroup:Validate () (at Library/PackageCache/com.unity.addressables@1.19.19/Editor/Settings/AddressableAssetGroup.cs:448)
UnityEditor.AddressableAssets.Settings.AddressableAssetGroup:OnEnable () (at Library/PackageCache/com.unity.addressables@1.19.19/Editor/Settings/AddressableAssetGroup.cs:428)

(Filename: Library/PackageCache/com.unity.addressables@1.19.19/Editor/Settings/GroupSchemas/BundledAssetGroupSchema.cs Line: 561)

Default path variable Local.BuildPath not found when initializing BundledAssetGroupSchema. Please manually set the path via the groups window.
UnityEngine.StackTraceUtility:ExtractStackTrace ()
UnityEngine.DebugLogHandler:LogFormat (UnityEngine.LogType,UnityEngine.Object,string,object[])
UnityEngine.Logger:Log (UnityEngine.LogType,object)
UnityEngine.Debug:LogWarning (object)
UnityEditor.AddressableAssets.Settings.GroupSchemas.BundledAssetGroupSchema:SetPathVariable (UnityEditor.AddressableAssets.Settings.AddressableAssetSettings,UnityEditor.AddressableAssets.Settings.ProfileValueReference&,string,string,System.Collections.Generic.List`1<string>) (at Library/PackageCache/com.unity.addressables@1.19.19/Editor/Settings/GroupSchemas/BundledAssetGroupSchema.cs:561)
UnityEditor.AddressableAssets.Settings.GroupSchemas.BundledAssetGroupSchema:Validate () (at Library/PackageCache/com.unity.addressables@1.19.19/Editor/Settings/GroupSchemas/BundledAssetGroupSchema.cs:570)
UnityEditor.AddressableAssets.Settings.AddressableAssetGroup:Validate () (at Library/PackageCache/com.unity.addressables@1.19.19/Editor/Settings/AddressableAssetGroup.cs:448)
UnityEditor.AddressableAssets.Settings.AddressableAssetGroup:OnEnable () (at Library/PackageCache/com.unity.addressables@1.19.19/Editor/Settings/AddressableAssetGroup.cs:428)

(Filename: Library/PackageCache/com.unity.addressables@1.19.19/Editor/Settings/GroupSchemas/BundledAssetGroupSchema.cs Line: 561)

Default path variable Local.LoadPath not found when initializing BundledAssetGroupSchema. Please manually set the path via the groups window.
UnityEngine.StackTraceUtility:ExtractStackTrace ()
UnityEngine.DebugLogHandler:LogFormat (UnityEngine.LogType,UnityEngine.Object,string,object[])
UnityEngine.Logger:Log (UnityEngine.LogType,object)
UnityEngine.Debug:LogWarning (object)
UnityEditor.AddressableAssets.Settings.GroupSchemas.BundledAssetGroupSchema:SetPathVariable (UnityEditor.AddressableAssets.Settings.AddressableAssetSettings,UnityEditor.AddressableAssets.Settings.ProfileValueReference&,string,string,System.Collections.Generic.List`1<string>) (at Library/PackageCache/com.unity.addressables@1.19.19/Editor/Settings/GroupSchemas/BundledAssetGroupSchema.cs:561)
UnityEditor.AddressableAssets.Settings.GroupSchemas.BundledAssetGroupSchema:Validate () (at Library/PackageCache/com.unity.addressables@1.19.19/Editor/Settings/GroupSchemas/BundledAssetGroupSchema.cs:571)
UnityEditor.AddressableAssets.Settings.AddressableAssetGroup:Validate () (at Library/PackageCache/com.unity.addressables@1.19.19/Editor/Settings/AddressableAssetGroup.cs:448)
UnityEditor.AddressableAssets.Settings.AddressableAssetGroup:OnEnable () (at Library/PackageCache/com.unity.addressables@1.19.19/Editor/Settings/AddressableAssetGroup.cs:428)

(Filename: Library/PackageCache/com.unity.addressables@1.19.19/Editor/Settings/GroupSchemas/BundledAssetGroupSchema.cs Line: 561)

Mono: successfully reloaded assembly
- Completed reload, in  1.103 seconds
Domain Reload Profiling:
	ReloadAssembly (1104ms)
		BeginReloadAssembly (167ms)
			ExecutionOrderSort (0ms)
			DisableScriptedObjects (6ms)
			BackupInstance (0ms)
			ReleaseScriptingObjects (0ms)
			CreateAndSetChildDomain (49ms)
		EndReloadAssembly (851ms)
			LoadAssemblies (122ms)
			RebuildTransferFunctionScriptingTraits (0ms)
			SetupTypeCache (242ms)
			ReleaseScriptCaches (2ms)
			RebuildScriptCaches (44ms)
			SetupLoadedEditorAssemblies (379ms)
				LogAssemblyErrors (0ms)
				InitializePlatformSupportModulesInManaged (12ms)
				SetLoadedEditorAssemblies (1ms)
				RefreshPlugins (1ms)
				BeforeProcessingInitializeOnLoad (82ms)
				ProcessInitializeOnLoadAttributes (196ms)
				ProcessInitializeOnLoadMethodAttributes (83ms)
				AfterProcessingInitializeOnLoad (3ms)
				EditorAssembliesLoaded (0ms)
			ExecutionOrderSort2 (0ms)
			AwakeInstancesAfterBackupRestoration (42ms)
Platform modules already initialized, skipping
Refreshing native plugins compatible for Editor in 2.11 ms, found 3 plugins.
Preloading 0 native plugins for Editor in 0.00 ms.
Unloading 5385 Unused Serialized files (Serialized files now loaded: 0)
Unloading 30 unused Assets / (0.7 MB). Loaded Objects now: 5998.
Memory consumption went from 205.1 MB to 204.4 MB.
Total: 3.718200 ms (FindLiveObjects: 0.382700 ms CreateObjectMapping: 0.299500 ms MarkObjects: 2.780200 ms  DeleteObjects: 0.254900 ms)

AssetImportParameters requested are different than current active one (requested -> active):
  custom:video-decoder-ogg-theora: a1e56fd34408186e4bbccfd4996cb3dc -> 
  custom:container-muxer-webm: aa71ff27fc2769a1b78a27578f13a17b -> 
  custom:container-demuxer-webm: 4f35f7cbe854078d1ac9338744f61a02 -> 
  custom:video-encoder-webm-vp8: eb34c28f22e8b96e1ab97ce403110664 -> 
  custom:audio-encoder-webm-vorbis: bf7c407c2cedff20999df2af8eb42d56 -> 
  custom:framework-win-MediaFoundation: 216162199b28c13a410421893ffa2e32 -> 
  custom:container-demuxer-ogg: 62fdf1f143b41e24485cea50d1cbac27 -> 
  custom:video-decoder-webm-vp8: 9c59270c3fd7afecdb556c50c9e8de78 -> 
  custom:audio-decoder-ogg-vorbis: bf7c407c2cedff20999df2af8eb42d56 -> 
========================================================================
Received Import Request.
  Time since last request: 13.510697 seconds.
  path: Assets/Script/Build/MoChengBuild.cs
  artifactKey: Guid(a5c86265763c0be44ac8c0f90789e190) Importer(815301076,1909f56bfc062723c751e8b465ee728b)
Start importing Assets/Script/Build/MoChengBuild.cs using Guid(a5c86265763c0be44ac8c0f90789e190) Importer(815301076,1909f56bfc062723c751e8b465ee728b)  -> (artifact id: '5b264bae1188700b2edba1107febbf9a') in 0.008600 seconds 
========================================================================
Received Prepare
Registering precompiled user dll's ...
Registered in 0.007434 seconds.
Begin MonoManager ReloadAssembly
Symbol file LoadedFromMemory doesn't match image C:\Users\mocheng\addressable\Library\PackageCache\com.unity.visualscripting@1.7.8\Editor\VisualScripting.Core\Dependencies\YamlDotNet\Unity.VisualScripting.YamlDotNet.dll
Symbol file LoadedFromMemory doesn't match image C:\Users\mocheng\addressable\Library\PackageCache\com.unity.visualscripting@1.7.8\Editor\VisualScripting.Core\Dependencies\DotNetZip\Unity.VisualScripting.IonicZip.dll
Native extension for WindowsStandalone target not found
Refreshing native plugins compatible for Editor in 0.92 ms, found 3 plugins.
Preloading 0 native plugins for Editor in 0.00 ms.
Default path variable Local.BuildPath not found when initializing BundledAssetGroupSchema. Please manually set the path via the groups window.
UnityEngine.StackTraceUtility:ExtractStackTrace ()
UnityEngine.DebugLogHandler:LogFormat (UnityEngine.LogType,UnityEngine.Object,string,object[])
UnityEngine.Logger:Log (UnityEngine.LogType,object)
UnityEngine.Debug:LogWarning (object)
UnityEditor.AddressableAssets.Settings.GroupSchemas.BundledAssetGroupSchema:SetPathVariable (UnityEditor.AddressableAssets.Settings.AddressableAssetSettings,UnityEditor.AddressableAssets.Settings.ProfileValueReference&,string,string,System.Collections.Generic.List`1<string>) (at Library/PackageCache/com.unity.addressables@1.19.19/Editor/Settings/GroupSchemas/BundledAssetGroupSchema.cs:561)
UnityEditor.AddressableAssets.Settings.GroupSchemas.BundledAssetGroupSchema:Validate () (at Library/PackageCache/com.unity.addressables@1.19.19/Editor/Settings/GroupSchemas/BundledAssetGroupSchema.cs:570)
UnityEditor.AddressableAssets.Settings.AddressableAssetGroup:Validate () (at Library/PackageCache/com.unity.addressables@1.19.19/Editor/Settings/AddressableAssetGroup.cs:448)
UnityEditor.AddressableAssets.Settings.AddressableAssetGroup:OnEnable () (at Library/PackageCache/com.unity.addressables@1.19.19/Editor/Settings/AddressableAssetGroup.cs:428)

(Filename: Library/PackageCache/com.unity.addressables@1.19.19/Editor/Settings/GroupSchemas/BundledAssetGroupSchema.cs Line: 561)

Default path variable Local.LoadPath not found when initializing BundledAssetGroupSchema. Please manually set the path via the groups window.
UnityEngine.StackTraceUtility:ExtractStackTrace ()
UnityEngine.DebugLogHandler:LogFormat (UnityEngine.LogType,UnityEngine.Object,string,object[])
UnityEngine.Logger:Log (UnityEngine.LogType,object)
UnityEngine.Debug:LogWarning (object)
UnityEditor.AddressableAssets.Settings.GroupSchemas.BundledAssetGroupSchema:SetPathVariable (UnityEditor.AddressableAssets.Settings.AddressableAssetSettings,UnityEditor.AddressableAssets.Settings.ProfileValueReference&,string,string,System.Collections.Generic.List`1<string>) (at Library/PackageCache/com.unity.addressables@1.19.19/Editor/Settings/GroupSchemas/BundledAssetGroupSchema.cs:561)
UnityEditor.AddressableAssets.Settings.GroupSchemas.BundledAssetGroupSchema:Validate () (at Library/PackageCache/com.unity.addressables@1.19.19/Editor/Settings/GroupSchemas/BundledAssetGroupSchema.cs:571)
UnityEditor.AddressableAssets.Settings.AddressableAssetGroup:Validate () (at Library/PackageCache/com.unity.addressables@1.19.19/Editor/Settings/AddressableAssetGroup.cs:448)
UnityEditor.AddressableAssets.Settings.AddressableAssetGroup:OnEnable () (at Library/PackageCache/com.unity.addressables@1.19.19/Editor/Settings/AddressableAssetGroup.cs:428)

(Filename: Library/PackageCache/com.unity.addressables@1.19.19/Editor/Settings/GroupSchemas/BundledAssetGroupSchema.cs Line: 561)

Default path variable Local.BuildPath not found when initializing BundledAssetGroupSchema. Please manually set the path via the groups window.
UnityEngine.StackTraceUtility:ExtractStackTrace ()
UnityEngine.DebugLogHandler:LogFormat (UnityEngine.LogType,UnityEngine.Object,string,object[])
UnityEngine.Logger:Log (UnityEngine.LogType,object)
UnityEngine.Debug:LogWarning (object)
UnityEditor.AddressableAssets.Settings.GroupSchemas.BundledAssetGroupSchema:SetPathVariable (UnityEditor.AddressableAssets.Settings.AddressableAssetSettings,UnityEditor.AddressableAssets.Settings.ProfileValueReference&,string,string,System.Collections.Generic.List`1<string>) (at Library/PackageCache/com.unity.addressables@1.19.19/Editor/Settings/GroupSchemas/BundledAssetGroupSchema.cs:561)
UnityEditor.AddressableAssets.Settings.GroupSchemas.BundledAssetGroupSchema:Validate () (at Library/PackageCache/com.unity.addressables@1.19.19/Editor/Settings/GroupSchemas/BundledAssetGroupSchema.cs:570)
UnityEditor.AddressableAssets.Settings.AddressableAssetGroup:Validate () (at Library/PackageCache/com.unity.addressables@1.19.19/Editor/Settings/AddressableAssetGroup.cs:448)
UnityEditor.AddressableAssets.Settings.AddressableAssetGroup:OnEnable () (at Library/PackageCache/com.unity.addressables@1.19.19/Editor/Settings/AddressableAssetGroup.cs:428)

(Filename: Library/PackageCache/com.unity.addressables@1.19.19/Editor/Settings/GroupSchemas/BundledAssetGroupSchema.cs Line: 561)

Default path variable Local.LoadPath not found when initializing BundledAssetGroupSchema. Please manually set the path via the groups window.
UnityEngine.StackTraceUtility:ExtractStackTrace ()
UnityEngine.DebugLogHandler:LogFormat (UnityEngine.LogType,UnityEngine.Object,string,object[])
UnityEngine.Logger:Log (UnityEngine.LogType,object)
UnityEngine.Debug:LogWarning (object)
UnityEditor.AddressableAssets.Settings.GroupSchemas.BundledAssetGroupSchema:SetPathVariable (UnityEditor.AddressableAssets.Settings.AddressableAssetSettings,UnityEditor.AddressableAssets.Settings.ProfileValueReference&,string,string,System.Collections.Generic.List`1<string>) (at Library/PackageCache/com.unity.addressables@1.19.19/Editor/Settings/GroupSchemas/BundledAssetGroupSchema.cs:561)
UnityEditor.AddressableAssets.Settings.GroupSchemas.BundledAssetGroupSchema:Validate () (at Library/PackageCache/com.unity.addressables@1.19.19/Editor/Settings/GroupSchemas/BundledAssetGroupSchema.cs:571)
UnityEditor.AddressableAssets.Settings.AddressableAssetGroup:Validate () (at Library/PackageCache/com.unity.addressables@1.19.19/Editor/Settings/AddressableAssetGroup.cs:448)
UnityEditor.AddressableAssets.Settings.AddressableAssetGroup:OnEnable () (at Library/PackageCache/com.unity.addressables@1.19.19/Editor/Settings/AddressableAssetGroup.cs:428)

(Filename: Library/PackageCache/com.unity.addressables@1.19.19/Editor/Settings/GroupSchemas/BundledAssetGroupSchema.cs Line: 561)

Default path variable Local.BuildPath not found when initializing BundledAssetGroupSchema. Please manually set the path via the groups window.
UnityEngine.StackTraceUtility:ExtractStackTrace ()
UnityEngine.DebugLogHandler:LogFormat (UnityEngine.LogType,UnityEngine.Object,string,object[])
UnityEngine.Logger:Log (UnityEngine.LogType,object)
UnityEngine.Debug:LogWarning (object)
UnityEditor.AddressableAssets.Settings.GroupSchemas.BundledAssetGroupSchema:SetPathVariable (UnityEditor.AddressableAssets.Settings.AddressableAssetSettings,UnityEditor.AddressableAssets.Settings.ProfileValueReference&,string,string,System.Collections.Generic.List`1<string>) (at Library/PackageCache/com.unity.addressables@1.19.19/Editor/Settings/GroupSchemas/BundledAssetGroupSchema.cs:561)
UnityEditor.AddressableAssets.Settings.GroupSchemas.BundledAssetGroupSchema:Validate () (at Library/PackageCache/com.unity.addressables@1.19.19/Editor/Settings/GroupSchemas/BundledAssetGroupSchema.cs:570)
UnityEditor.AddressableAssets.Settings.AddressableAssetGroup:Validate () (at Library/PackageCache/com.unity.addressables@1.19.19/Editor/Settings/AddressableAssetGroup.cs:448)
UnityEditor.AddressableAssets.Settings.AddressableAssetGroup:OnEnable () (at Library/PackageCache/com.unity.addressables@1.19.19/Editor/Settings/AddressableAssetGroup.cs:428)

(Filename: Library/PackageCache/com.unity.addressables@1.19.19/Editor/Settings/GroupSchemas/BundledAssetGroupSchema.cs Line: 561)

Default path variable Local.LoadPath not found when initializing BundledAssetGroupSchema. Please manually set the path via the groups window.
UnityEngine.StackTraceUtility:ExtractStackTrace ()
UnityEngine.DebugLogHandler:LogFormat (UnityEngine.LogType,UnityEngine.Object,string,object[])
UnityEngine.Logger:Log (UnityEngine.LogType,object)
UnityEngine.Debug:LogWarning (object)
UnityEditor.AddressableAssets.Settings.GroupSchemas.BundledAssetGroupSchema:SetPathVariable (UnityEditor.AddressableAssets.Settings.AddressableAssetSettings,UnityEditor.AddressableAssets.Settings.ProfileValueReference&,string,string,System.Collections.Generic.List`1<string>) (at Library/PackageCache/com.unity.addressables@1.19.19/Editor/Settings/GroupSchemas/BundledAssetGroupSchema.cs:561)
UnityEditor.AddressableAssets.Settings.GroupSchemas.BundledAssetGroupSchema:Validate () (at Library/PackageCache/com.unity.addressables@1.19.19/Editor/Settings/GroupSchemas/BundledAssetGroupSchema.cs:571)
UnityEditor.AddressableAssets.Settings.AddressableAssetGroup:Validate () (at Library/PackageCache/com.unity.addressables@1.19.19/Editor/Settings/AddressableAssetGroup.cs:448)
UnityEditor.AddressableAssets.Settings.AddressableAssetGroup:OnEnable () (at Library/PackageCache/com.unity.addressables@1.19.19/Editor/Settings/AddressableAssetGroup.cs:428)

(Filename: Library/PackageCache/com.unity.addressables@1.19.19/Editor/Settings/GroupSchemas/BundledAssetGroupSchema.cs Line: 561)

Mono: successfully reloaded assembly
- Completed reload, in  1.101 seconds
Domain Reload Profiling:
	ReloadAssembly (1102ms)
		BeginReloadAssembly (151ms)
			ExecutionOrderSort (0ms)
			DisableScriptedObjects (6ms)
			BackupInstance (0ms)
			ReleaseScriptingObjects (0ms)
			CreateAndSetChildDomain (40ms)
		EndReloadAssembly (859ms)
			LoadAssemblies (115ms)
			RebuildTransferFunctionScriptingTraits (0ms)
			SetupTypeCache (241ms)
			ReleaseScriptCaches (2ms)
			RebuildScriptCaches (45ms)
			SetupLoadedEditorAssemblies (380ms)
				LogAssemblyErrors (0ms)
				InitializePlatformSupportModulesInManaged (8ms)
				SetLoadedEditorAssemblies (0ms)
				RefreshPlugins (1ms)
				BeforeProcessingInitializeOnLoad (84ms)
				ProcessInitializeOnLoadAttributes (195ms)
				ProcessInitializeOnLoadMethodAttributes (87ms)
				AfterProcessingInitializeOnLoad (3ms)
				EditorAssembliesLoaded (0ms)
			ExecutionOrderSort2 (0ms)
			AwakeInstancesAfterBackupRestoration (44ms)
Platform modules already initialized, skipping
Refreshing native plugins compatible for Editor in 2.23 ms, found 3 plugins.
Preloading 0 native plugins for Editor in 0.00 ms.
Unloading 5385 Unused Serialized files (Serialized files now loaded: 0)
Unloading 30 unused Assets / (0.7 MB). Loaded Objects now: 6001.
Memory consumption went from 205.1 MB to 204.5 MB.
Total: 3.605100 ms (FindLiveObjects: 0.412700 ms CreateObjectMapping: 0.355900 ms MarkObjects: 2.545900 ms  DeleteObjects: 0.290100 ms)

AssetImportParameters requested are different than current active one (requested -> active):
  custom:video-decoder-ogg-theora: a1e56fd34408186e4bbccfd4996cb3dc -> 
  custom:container-muxer-webm: aa71ff27fc2769a1b78a27578f13a17b -> 
  custom:container-demuxer-webm: 4f35f7cbe854078d1ac9338744f61a02 -> 
  custom:video-encoder-webm-vp8: eb34c28f22e8b96e1ab97ce403110664 -> 
  custom:audio-encoder-webm-vorbis: bf7c407c2cedff20999df2af8eb42d56 -> 
  custom:framework-win-MediaFoundation: 216162199b28c13a410421893ffa2e32 -> 
  custom:container-demuxer-ogg: 62fdf1f143b41e24485cea50d1cbac27 -> 
  custom:video-decoder-webm-vp8: 9c59270c3fd7afecdb556c50c9e8de78 -> 
  custom:audio-decoder-ogg-vorbis: bf7c407c2cedff20999df2af8eb42d56 -> 
========================================================================
Received Prepare
Registering precompiled user dll's ...
Registered in 0.007664 seconds.
Begin MonoManager ReloadAssembly
Symbol file LoadedFromMemory doesn't match image C:\Users\mocheng\addressable\Library\PackageCache\com.unity.visualscripting@1.7.8\Editor\VisualScripting.Core\Dependencies\YamlDotNet\Unity.VisualScripting.YamlDotNet.dll
Symbol file LoadedFromMemory doesn't match image C:\Users\mocheng\addressable\Library\PackageCache\com.unity.visualscripting@1.7.8\Editor\VisualScripting.Core\Dependencies\DotNetZip\Unity.VisualScripting.IonicZip.dll
Native extension for WindowsStandalone target not found
Refreshing native plugins compatible for Editor in 1.45 ms, found 3 plugins.
Preloading 0 native plugins for Editor in 0.00 ms.
Default path variable Local.BuildPath not found when initializing BundledAssetGroupSchema. Please manually set the path via the groups window.
UnityEngine.StackTraceUtility:ExtractStackTrace ()
UnityEngine.DebugLogHandler:LogFormat (UnityEngine.LogType,UnityEngine.Object,string,object[])
UnityEngine.Logger:Log (UnityEngine.LogType,object)
UnityEngine.Debug:LogWarning (object)
UnityEditor.AddressableAssets.Settings.GroupSchemas.BundledAssetGroupSchema:SetPathVariable (UnityEditor.AddressableAssets.Settings.AddressableAssetSettings,UnityEditor.AddressableAssets.Settings.ProfileValueReference&,string,string,System.Collections.Generic.List`1<string>) (at Library/PackageCache/com.unity.addressables@1.19.19/Editor/Settings/GroupSchemas/BundledAssetGroupSchema.cs:561)
UnityEditor.AddressableAssets.Settings.GroupSchemas.BundledAssetGroupSchema:Validate () (at Library/PackageCache/com.unity.addressables@1.19.19/Editor/Settings/GroupSchemas/BundledAssetGroupSchema.cs:570)
UnityEditor.AddressableAssets.Settings.AddressableAssetGroup:Validate () (at Library/PackageCache/com.unity.addressables@1.19.19/Editor/Settings/AddressableAssetGroup.cs:448)
UnityEditor.AddressableAssets.Settings.AddressableAssetGroup:OnEnable () (at Library/PackageCache/com.unity.addressables@1.19.19/Editor/Settings/AddressableAssetGroup.cs:428)

(Filename: Library/PackageCache/com.unity.addressables@1.19.19/Editor/Settings/GroupSchemas/BundledAssetGroupSchema.cs Line: 561)

Default path variable Local.LoadPath not found when initializing BundledAssetGroupSchema. Please manually set the path via the groups window.
UnityEngine.StackTraceUtility:ExtractStackTrace ()
UnityEngine.DebugLogHandler:LogFormat (UnityEngine.LogType,UnityEngine.Object,string,object[])
UnityEngine.Logger:Log (UnityEngine.LogType,object)
UnityEngine.Debug:LogWarning (object)
UnityEditor.AddressableAssets.Settings.GroupSchemas.BundledAssetGroupSchema:SetPathVariable (UnityEditor.AddressableAssets.Settings.AddressableAssetSettings,UnityEditor.AddressableAssets.Settings.ProfileValueReference&,string,string,System.Collections.Generic.List`1<string>) (at Library/PackageCache/com.unity.addressables@1.19.19/Editor/Settings/GroupSchemas/BundledAssetGroupSchema.cs:561)
UnityEditor.AddressableAssets.Settings.GroupSchemas.BundledAssetGroupSchema:Validate () (at Library/PackageCache/com.unity.addressables@1.19.19/Editor/Settings/GroupSchemas/BundledAssetGroupSchema.cs:571)
UnityEditor.AddressableAssets.Settings.AddressableAssetGroup:Validate () (at Library/PackageCache/com.unity.addressables@1.19.19/Editor/Settings/AddressableAssetGroup.cs:448)
UnityEditor.AddressableAssets.Settings.AddressableAssetGroup:OnEnable () (at Library/PackageCache/com.unity.addressables@1.19.19/Editor/Settings/AddressableAssetGroup.cs:428)

(Filename: Library/PackageCache/com.unity.addressables@1.19.19/Editor/Settings/GroupSchemas/BundledAssetGroupSchema.cs Line: 561)

Default path variable Local.BuildPath not found when initializing BundledAssetGroupSchema. Please manually set the path via the groups window.
UnityEngine.StackTraceUtility:ExtractStackTrace ()
UnityEngine.DebugLogHandler:LogFormat (UnityEngine.LogType,UnityEngine.Object,string,object[])
UnityEngine.Logger:Log (UnityEngine.LogType,object)
UnityEngine.Debug:LogWarning (object)
UnityEditor.AddressableAssets.Settings.GroupSchemas.BundledAssetGroupSchema:SetPathVariable (UnityEditor.AddressableAssets.Settings.AddressableAssetSettings,UnityEditor.AddressableAssets.Settings.ProfileValueReference&,string,string,System.Collections.Generic.List`1<string>) (at Library/PackageCache/com.unity.addressables@1.19.19/Editor/Settings/GroupSchemas/BundledAssetGroupSchema.cs:561)
UnityEditor.AddressableAssets.Settings.GroupSchemas.BundledAssetGroupSchema:Validate () (at Library/PackageCache/com.unity.addressables@1.19.19/Editor/Settings/GroupSchemas/BundledAssetGroupSchema.cs:570)
UnityEditor.AddressableAssets.Settings.AddressableAssetGroup:Validate () (at Library/PackageCache/com.unity.addressables@1.19.19/Editor/Settings/AddressableAssetGroup.cs:448)
UnityEditor.AddressableAssets.Settings.AddressableAssetGroup:OnEnable () (at Library/PackageCache/com.unity.addressables@1.19.19/Editor/Settings/AddressableAssetGroup.cs:428)

(Filename: Library/PackageCache/com.unity.addressables@1.19.19/Editor/Settings/GroupSchemas/BundledAssetGroupSchema.cs Line: 561)

Default path variable Local.LoadPath not found when initializing BundledAssetGroupSchema. Please manually set the path via the groups window.
UnityEngine.StackTraceUtility:ExtractStackTrace ()
UnityEngine.DebugLogHandler:LogFormat (UnityEngine.LogType,UnityEngine.Object,string,object[])
UnityEngine.Logger:Log (UnityEngine.LogType,object)
UnityEngine.Debug:LogWarning (object)
UnityEditor.AddressableAssets.Settings.GroupSchemas.BundledAssetGroupSchema:SetPathVariable (UnityEditor.AddressableAssets.Settings.AddressableAssetSettings,UnityEditor.AddressableAssets.Settings.ProfileValueReference&,string,string,System.Collections.Generic.List`1<string>) (at Library/PackageCache/com.unity.addressables@1.19.19/Editor/Settings/GroupSchemas/BundledAssetGroupSchema.cs:561)
UnityEditor.AddressableAssets.Settings.GroupSchemas.BundledAssetGroupSchema:Validate () (at Library/PackageCache/com.unity.addressables@1.19.19/Editor/Settings/GroupSchemas/BundledAssetGroupSchema.cs:571)
UnityEditor.AddressableAssets.Settings.AddressableAssetGroup:Validate () (at Library/PackageCache/com.unity.addressables@1.19.19/Editor/Settings/AddressableAssetGroup.cs:448)
UnityEditor.AddressableAssets.Settings.AddressableAssetGroup:OnEnable () (at Library/PackageCache/com.unity.addressables@1.19.19/Editor/Settings/AddressableAssetGroup.cs:428)

(Filename: Library/PackageCache/com.unity.addressables@1.19.19/Editor/Settings/GroupSchemas/BundledAssetGroupSchema.cs Line: 561)

Default path variable Local.BuildPath not found when initializing BundledAssetGroupSchema. Please manually set the path via the groups window.
UnityEngine.StackTraceUtility:ExtractStackTrace ()
UnityEngine.DebugLogHandler:LogFormat (UnityEngine.LogType,UnityEngine.Object,string,object[])
UnityEngine.Logger:Log (UnityEngine.LogType,object)
UnityEngine.Debug:LogWarning (object)
UnityEditor.AddressableAssets.Settings.GroupSchemas.BundledAssetGroupSchema:SetPathVariable (UnityEditor.AddressableAssets.Settings.AddressableAssetSettings,UnityEditor.AddressableAssets.Settings.ProfileValueReference&,string,string,System.Collections.Generic.List`1<string>) (at Library/PackageCache/com.unity.addressables@1.19.19/Editor/Settings/GroupSchemas/BundledAssetGroupSchema.cs:561)
UnityEditor.AddressableAssets.Settings.GroupSchemas.BundledAssetGroupSchema:Validate () (at Library/PackageCache/com.unity.addressables@1.19.19/Editor/Settings/GroupSchemas/BundledAssetGroupSchema.cs:570)
UnityEditor.AddressableAssets.Settings.AddressableAssetGroup:Validate () (at Library/PackageCache/com.unity.addressables@1.19.19/Editor/Settings/AddressableAssetGroup.cs:448)
UnityEditor.AddressableAssets.Settings.AddressableAssetGroup:OnEnable () (at Library/PackageCache/com.unity.addressables@1.19.19/Editor/Settings/AddressableAssetGroup.cs:428)

(Filename: Library/PackageCache/com.unity.addressables@1.19.19/Editor/Settings/GroupSchemas/BundledAssetGroupSchema.cs Line: 561)

Default path variable Local.LoadPath not found when initializing BundledAssetGroupSchema. Please manually set the path via the groups window.
UnityEngine.StackTraceUtility:ExtractStackTrace ()
UnityEngine.DebugLogHandler:LogFormat (UnityEngine.LogType,UnityEngine.Object,string,object[])
UnityEngine.Logger:Log (UnityEngine.LogType,object)
UnityEngine.Debug:LogWarning (object)
UnityEditor.AddressableAssets.Settings.GroupSchemas.BundledAssetGroupSchema:SetPathVariable (UnityEditor.AddressableAssets.Settings.AddressableAssetSettings,UnityEditor.AddressableAssets.Settings.ProfileValueReference&,string,string,System.Collections.Generic.List`1<string>) (at Library/PackageCache/com.unity.addressables@1.19.19/Editor/Settings/GroupSchemas/BundledAssetGroupSchema.cs:561)
UnityEditor.AddressableAssets.Settings.GroupSchemas.BundledAssetGroupSchema:Validate () (at Library/PackageCache/com.unity.addressables@1.19.19/Editor/Settings/GroupSchemas/BundledAssetGroupSchema.cs:571)
UnityEditor.AddressableAssets.Settings.AddressableAssetGroup:Validate () (at Library/PackageCache/com.unity.addressables@1.19.19/Editor/Settings/AddressableAssetGroup.cs:448)
UnityEditor.AddressableAssets.Settings.AddressableAssetGroup:OnEnable () (at Library/PackageCache/com.unity.addressables@1.19.19/Editor/Settings/AddressableAssetGroup.cs:428)

(Filename: Library/PackageCache/com.unity.addressables@1.19.19/Editor/Settings/GroupSchemas/BundledAssetGroupSchema.cs Line: 561)

Mono: successfully reloaded assembly
- Completed reload, in  1.255 seconds
Domain Reload Profiling:
	ReloadAssembly (1256ms)
		BeginReloadAssembly (153ms)
			ExecutionOrderSort (0ms)
			DisableScriptedObjects (6ms)
			BackupInstance (0ms)
			ReleaseScriptingObjects (0ms)
			CreateAndSetChildDomain (39ms)
		EndReloadAssembly (1011ms)
			LoadAssemblies (132ms)
			RebuildTransferFunctionScriptingTraits (0ms)
			SetupTypeCache (258ms)
			ReleaseScriptCaches (2ms)
			RebuildScriptCaches (42ms)
			SetupLoadedEditorAssemblies (405ms)
				LogAssemblyErrors (0ms)
				InitializePlatformSupportModulesInManaged (12ms)
				SetLoadedEditorAssemblies (0ms)
				RefreshPlugins (2ms)
				BeforeProcessingInitializeOnLoad (87ms)
				ProcessInitializeOnLoadAttributes (212ms)
				ProcessInitializeOnLoadMethodAttributes (89ms)
				AfterProcessingInitializeOnLoad (3ms)
				EditorAssembliesLoaded (0ms)
			ExecutionOrderSort2 (0ms)
			AwakeInstancesAfterBackupRestoration (48ms)
Platform modules already initialized, skipping
Refreshing native plugins compatible for Editor in 2.29 ms, found 3 plugins.
Preloading 0 native plugins for Editor in 0.00 ms.
Unloading 5385 Unused Serialized files (Serialized files now loaded: 0)
Unloading 30 unused Assets / (0.7 MB). Loaded Objects now: 6004.
Memory consumption went from 205.1 MB to 204.5 MB.
Total: 5.139000 ms (FindLiveObjects: 0.454200 ms CreateObjectMapping: 0.486700 ms MarkObjects: 3.890900 ms  DeleteObjects: 0.306600 ms)

AssetImportParameters requested are different than current active one (requested -> active):
  custom:video-decoder-ogg-theora: a1e56fd34408186e4bbccfd4996cb3dc -> 
  custom:container-muxer-webm: aa71ff27fc2769a1b78a27578f13a17b -> 
  custom:container-demuxer-webm: 4f35f7cbe854078d1ac9338744f61a02 -> 
  custom:video-encoder-webm-vp8: eb34c28f22e8b96e1ab97ce403110664 -> 
  custom:audio-encoder-webm-vorbis: bf7c407c2cedff20999df2af8eb42d56 -> 
  custom:framework-win-MediaFoundation: 216162199b28c13a410421893ffa2e32 -> 
  custom:container-demuxer-ogg: 62fdf1f143b41e24485cea50d1cbac27 -> 
  custom:video-decoder-webm-vp8: 9c59270c3fd7afecdb556c50c9e8de78 -> 
  custom:audio-decoder-ogg-vorbis: bf7c407c2cedff20999df2af8eb42d56 -> 
========================================================================
Received Import Request.
  Time since last request: 109.102201 seconds.
  path: Assets/Script/Build/MoChengBuildPath.cs
  artifactKey: Guid(7c0b4e3ea3b0f644aa326df5620452db) Importer(815301076,1909f56bfc062723c751e8b465ee728b)
Start importing Assets/Script/Build/MoChengBuildPath.cs using Guid(7c0b4e3ea3b0f644aa326df5620452db) Importer(815301076,1909f56bfc062723c751e8b465ee728b)  -> (artifact id: 'de871de1c12919c40a9717d5421cc4c8') in 0.008204 seconds 
========================================================================
Received Prepare
Registering precompiled user dll's ...
Registered in 0.007208 seconds.
Begin MonoManager ReloadAssembly
Symbol file LoadedFromMemory doesn't match image C:\Users\mocheng\addressable\Library\PackageCache\com.unity.visualscripting@1.7.8\Editor\VisualScripting.Core\Dependencies\YamlDotNet\Unity.VisualScripting.YamlDotNet.dll
Symbol file LoadedFromMemory doesn't match image C:\Users\mocheng\addressable\Library\PackageCache\com.unity.visualscripting@1.7.8\Editor\VisualScripting.Core\Dependencies\DotNetZip\Unity.VisualScripting.IonicZip.dll
Native extension for WindowsStandalone target not found
Refreshing native plugins compatible for Editor in 0.84 ms, found 3 plugins.
Preloading 0 native plugins for Editor in 0.00 ms.
Default path variable Local.BuildPath not found when initializing BundledAssetGroupSchema. Please manually set the path via the groups window.
UnityEngine.StackTraceUtility:ExtractStackTrace ()
UnityEngine.DebugLogHandler:LogFormat (UnityEngine.LogType,UnityEngine.Object,string,object[])
UnityEngine.Logger:Log (UnityEngine.LogType,object)
UnityEngine.Debug:LogWarning (object)
UnityEditor.AddressableAssets.Settings.GroupSchemas.BundledAssetGroupSchema:SetPathVariable (UnityEditor.AddressableAssets.Settings.AddressableAssetSettings,UnityEditor.AddressableAssets.Settings.ProfileValueReference&,string,string,System.Collections.Generic.List`1<string>) (at Library/PackageCache/com.unity.addressables@1.19.19/Editor/Settings/GroupSchemas/BundledAssetGroupSchema.cs:561)
UnityEditor.AddressableAssets.Settings.GroupSchemas.BundledAssetGroupSchema:Validate () (at Library/PackageCache/com.unity.addressables@1.19.19/Editor/Settings/GroupSchemas/BundledAssetGroupSchema.cs:570)
UnityEditor.AddressableAssets.Settings.AddressableAssetGroup:Validate () (at Library/PackageCache/com.unity.addressables@1.19.19/Editor/Settings/AddressableAssetGroup.cs:448)
UnityEditor.AddressableAssets.Settings.AddressableAssetGroup:OnEnable () (at Library/PackageCache/com.unity.addressables@1.19.19/Editor/Settings/AddressableAssetGroup.cs:428)

(Filename: Library/PackageCache/com.unity.addressables@1.19.19/Editor/Settings/GroupSchemas/BundledAssetGroupSchema.cs Line: 561)

Default path variable Local.LoadPath not found when initializing BundledAssetGroupSchema. Please manually set the path via the groups window.
UnityEngine.StackTraceUtility:ExtractStackTrace ()
UnityEngine.DebugLogHandler:LogFormat (UnityEngine.LogType,UnityEngine.Object,string,object[])
UnityEngine.Logger:Log (UnityEngine.LogType,object)
UnityEngine.Debug:LogWarning (object)
UnityEditor.AddressableAssets.Settings.GroupSchemas.BundledAssetGroupSchema:SetPathVariable (UnityEditor.AddressableAssets.Settings.AddressableAssetSettings,UnityEditor.AddressableAssets.Settings.ProfileValueReference&,string,string,System.Collections.Generic.List`1<string>) (at Library/PackageCache/com.unity.addressables@1.19.19/Editor/Settings/GroupSchemas/BundledAssetGroupSchema.cs:561)
UnityEditor.AddressableAssets.Settings.GroupSchemas.BundledAssetGroupSchema:Validate () (at Library/PackageCache/com.unity.addressables@1.19.19/Editor/Settings/GroupSchemas/BundledAssetGroupSchema.cs:571)
UnityEditor.AddressableAssets.Settings.AddressableAssetGroup:Validate () (at Library/PackageCache/com.unity.addressables@1.19.19/Editor/Settings/AddressableAssetGroup.cs:448)
UnityEditor.AddressableAssets.Settings.AddressableAssetGroup:OnEnable () (at Library/PackageCache/com.unity.addressables@1.19.19/Editor/Settings/AddressableAssetGroup.cs:428)

(Filename: Library/PackageCache/com.unity.addressables@1.19.19/Editor/Settings/GroupSchemas/BundledAssetGroupSchema.cs Line: 561)

Default path variable Local.BuildPath not found when initializing BundledAssetGroupSchema. Please manually set the path via the groups window.
UnityEngine.StackTraceUtility:ExtractStackTrace ()
UnityEngine.DebugLogHandler:LogFormat (UnityEngine.LogType,UnityEngine.Object,string,object[])
UnityEngine.Logger:Log (UnityEngine.LogType,object)
UnityEngine.Debug:LogWarning (object)
UnityEditor.AddressableAssets.Settings.GroupSchemas.BundledAssetGroupSchema:SetPathVariable (UnityEditor.AddressableAssets.Settings.AddressableAssetSettings,UnityEditor.AddressableAssets.Settings.ProfileValueReference&,string,string,System.Collections.Generic.List`1<string>) (at Library/PackageCache/com.unity.addressables@1.19.19/Editor/Settings/GroupSchemas/BundledAssetGroupSchema.cs:561)
UnityEditor.AddressableAssets.Settings.GroupSchemas.BundledAssetGroupSchema:Validate () (at Library/PackageCache/com.unity.addressables@1.19.19/Editor/Settings/GroupSchemas/BundledAssetGroupSchema.cs:570)
UnityEditor.AddressableAssets.Settings.AddressableAssetGroup:Validate () (at Library/PackageCache/com.unity.addressables@1.19.19/Editor/Settings/AddressableAssetGroup.cs:448)
UnityEditor.AddressableAssets.Settings.AddressableAssetGroup:OnEnable () (at Library/PackageCache/com.unity.addressables@1.19.19/Editor/Settings/AddressableAssetGroup.cs:428)

(Filename: Library/PackageCache/com.unity.addressables@1.19.19/Editor/Settings/GroupSchemas/BundledAssetGroupSchema.cs Line: 561)

Default path variable Local.LoadPath not found when initializing BundledAssetGroupSchema. Please manually set the path via the groups window.
UnityEngine.StackTraceUtility:ExtractStackTrace ()
UnityEngine.DebugLogHandler:LogFormat (UnityEngine.LogType,UnityEngine.Object,string,object[])
UnityEngine.Logger:Log (UnityEngine.LogType,object)
UnityEngine.Debug:LogWarning (object)
UnityEditor.AddressableAssets.Settings.GroupSchemas.BundledAssetGroupSchema:SetPathVariable (UnityEditor.AddressableAssets.Settings.AddressableAssetSettings,UnityEditor.AddressableAssets.Settings.ProfileValueReference&,string,string,System.Collections.Generic.List`1<string>) (at Library/PackageCache/com.unity.addressables@1.19.19/Editor/Settings/GroupSchemas/BundledAssetGroupSchema.cs:561)
UnityEditor.AddressableAssets.Settings.GroupSchemas.BundledAssetGroupSchema:Validate () (at Library/PackageCache/com.unity.addressables@1.19.19/Editor/Settings/GroupSchemas/BundledAssetGroupSchema.cs:571)
UnityEditor.AddressableAssets.Settings.AddressableAssetGroup:Validate () (at Library/PackageCache/com.unity.addressables@1.19.19/Editor/Settings/AddressableAssetGroup.cs:448)
UnityEditor.AddressableAssets.Settings.AddressableAssetGroup:OnEnable () (at Library/PackageCache/com.unity.addressables@1.19.19/Editor/Settings/AddressableAssetGroup.cs:428)

(Filename: Library/PackageCache/com.unity.addressables@1.19.19/Editor/Settings/GroupSchemas/BundledAssetGroupSchema.cs Line: 561)

Default path variable Local.BuildPath not found when initializing BundledAssetGroupSchema. Please manually set the path via the groups window.
UnityEngine.StackTraceUtility:ExtractStackTrace ()
UnityEngine.DebugLogHandler:LogFormat (UnityEngine.LogType,UnityEngine.Object,string,object[])
UnityEngine.Logger:Log (UnityEngine.LogType,object)
UnityEngine.Debug:LogWarning (object)
UnityEditor.AddressableAssets.Settings.GroupSchemas.BundledAssetGroupSchema:SetPathVariable (UnityEditor.AddressableAssets.Settings.AddressableAssetSettings,UnityEditor.AddressableAssets.Settings.ProfileValueReference&,string,string,System.Collections.Generic.List`1<string>) (at Library/PackageCache/com.unity.addressables@1.19.19/Editor/Settings/GroupSchemas/BundledAssetGroupSchema.cs:561)
UnityEditor.AddressableAssets.Settings.GroupSchemas.BundledAssetGroupSchema:Validate () (at Library/PackageCache/com.unity.addressables@1.19.19/Editor/Settings/GroupSchemas/BundledAssetGroupSchema.cs:570)
UnityEditor.AddressableAssets.Settings.AddressableAssetGroup:Validate () (at Library/PackageCache/com.unity.addressables@1.19.19/Editor/Settings/AddressableAssetGroup.cs:448)
UnityEditor.AddressableAssets.Settings.AddressableAssetGroup:OnEnable () (at Library/PackageCache/com.unity.addressables@1.19.19/Editor/Settings/AddressableAssetGroup.cs:428)

(Filename: Library/PackageCache/com.unity.addressables@1.19.19/Editor/Settings/GroupSchemas/BundledAssetGroupSchema.cs Line: 561)

Default path variable Local.LoadPath not found when initializing BundledAssetGroupSchema. Please manually set the path via the groups window.
UnityEngine.StackTraceUtility:ExtractStackTrace ()
UnityEngine.DebugLogHandler:LogFormat (UnityEngine.LogType,UnityEngine.Object,string,object[])
UnityEngine.Logger:Log (UnityEngine.LogType,object)
UnityEngine.Debug:LogWarning (object)
UnityEditor.AddressableAssets.Settings.GroupSchemas.BundledAssetGroupSchema:SetPathVariable (UnityEditor.AddressableAssets.Settings.AddressableAssetSettings,UnityEditor.AddressableAssets.Settings.ProfileValueReference&,string,string,System.Collections.Generic.List`1<string>) (at Library/PackageCache/com.unity.addressables@1.19.19/Editor/Settings/GroupSchemas/BundledAssetGroupSchema.cs:561)
UnityEditor.AddressableAssets.Settings.GroupSchemas.BundledAssetGroupSchema:Validate () (at Library/PackageCache/com.unity.addressables@1.19.19/Editor/Settings/GroupSchemas/BundledAssetGroupSchema.cs:571)
UnityEditor.AddressableAssets.Settings.AddressableAssetGroup:Validate () (at Library/PackageCache/com.unity.addressables@1.19.19/Editor/Settings/AddressableAssetGroup.cs:448)
UnityEditor.AddressableAssets.Settings.AddressableAssetGroup:OnEnable () (at Library/PackageCache/com.unity.addressables@1.19.19/Editor/Settings/AddressableAssetGroup.cs:428)

(Filename: Library/PackageCache/com.unity.addressables@1.19.19/Editor/Settings/GroupSchemas/BundledAssetGroupSchema.cs Line: 561)

Mono: successfully reloaded assembly
- Completed reload, in  1.100 seconds
Domain Reload Profiling:
	ReloadAssembly (1101ms)
		BeginReloadAssembly (155ms)
			ExecutionOrderSort (0ms)
			DisableScriptedObjects (6ms)
			BackupInstance (0ms)
			ReleaseScriptingObjects (0ms)
			CreateAndSetChildDomain (42ms)
		EndReloadAssembly (854ms)
			LoadAssemblies (119ms)
			RebuildTransferFunctionScriptingTraits (0ms)
			SetupTypeCache (237ms)
			ReleaseScriptCaches (2ms)
			RebuildScriptCaches (44ms)
			SetupLoadedEditorAssemblies (384ms)
				LogAssemblyErrors (0ms)
				InitializePlatformSupportModulesInManaged (8ms)
				SetLoadedEditorAssemblies (0ms)
				RefreshPlugins (1ms)
				BeforeProcessingInitializeOnLoad (76ms)
				ProcessInitializeOnLoadAttributes (206ms)
				ProcessInitializeOnLoadMethodAttributes (90ms)
				AfterProcessingInitializeOnLoad (3ms)
				EditorAssembliesLoaded (0ms)
			ExecutionOrderSort2 (0ms)
			AwakeInstancesAfterBackupRestoration (48ms)
Platform modules already initialized, skipping
Refreshing native plugins compatible for Editor in 2.17 ms, found 3 plugins.
Preloading 0 native plugins for Editor in 0.00 ms.
Unloading 5385 Unused Serialized files (Serialized files now loaded: 0)
Unloading 30 unused Assets / (0.7 MB). Loaded Objects now: 6007.
Memory consumption went from 205.1 MB to 204.5 MB.
Total: 3.828200 ms (FindLiveObjects: 0.383700 ms CreateObjectMapping: 0.286700 ms MarkObjects: 2.887500 ms  DeleteObjects: 0.269100 ms)

AssetImportParameters requested are different than current active one (requested -> active):
  custom:video-decoder-ogg-theora: a1e56fd34408186e4bbccfd4996cb3dc -> 
  custom:container-muxer-webm: aa71ff27fc2769a1b78a27578f13a17b -> 
  custom:container-demuxer-webm: 4f35f7cbe854078d1ac9338744f61a02 -> 
  custom:video-encoder-webm-vp8: eb34c28f22e8b96e1ab97ce403110664 -> 
  custom:audio-encoder-webm-vorbis: bf7c407c2cedff20999df2af8eb42d56 -> 
  custom:framework-win-MediaFoundation: 216162199b28c13a410421893ffa2e32 -> 
  custom:container-demuxer-ogg: 62fdf1f143b41e24485cea50d1cbac27 -> 
  custom:video-decoder-webm-vp8: 9c59270c3fd7afecdb556c50c9e8de78 -> 
  custom:audio-decoder-ogg-vorbis: bf7c407c2cedff20999df2af8eb42d56 -> 
========================================================================
Received Prepare
Registering precompiled user dll's ...
Registered in 0.008441 seconds.
Begin MonoManager ReloadAssembly
Symbol file LoadedFromMemory doesn't match image C:\Users\mocheng\addressable\Library\PackageCache\com.unity.visualscripting@1.7.8\Editor\VisualScripting.Core\Dependencies\YamlDotNet\Unity.VisualScripting.YamlDotNet.dll
Symbol file LoadedFromMemory doesn't match image C:\Users\mocheng\addressable\Library\PackageCache\com.unity.visualscripting@1.7.8\Editor\VisualScripting.Core\Dependencies\DotNetZip\Unity.VisualScripting.IonicZip.dll
Native extension for WindowsStandalone target not found
Refreshing native plugins compatible for Editor in 0.89 ms, found 3 plugins.
Preloading 0 native plugins for Editor in 0.00 ms.
Default path variable Local.BuildPath not found when initializing BundledAssetGroupSchema. Please manually set the path via the groups window.
UnityEngine.StackTraceUtility:ExtractStackTrace ()
UnityEngine.DebugLogHandler:LogFormat (UnityEngine.LogType,UnityEngine.Object,string,object[])
UnityEngine.Logger:Log (UnityEngine.LogType,object)
UnityEngine.Debug:LogWarning (object)
UnityEditor.AddressableAssets.Settings.GroupSchemas.BundledAssetGroupSchema:SetPathVariable (UnityEditor.AddressableAssets.Settings.AddressableAssetSettings,UnityEditor.AddressableAssets.Settings.ProfileValueReference&,string,string,System.Collections.Generic.List`1<string>) (at Library/PackageCache/com.unity.addressables@1.19.19/Editor/Settings/GroupSchemas/BundledAssetGroupSchema.cs:561)
UnityEditor.AddressableAssets.Settings.GroupSchemas.BundledAssetGroupSchema:Validate () (at Library/PackageCache/com.unity.addressables@1.19.19/Editor/Settings/GroupSchemas/BundledAssetGroupSchema.cs:570)
UnityEditor.AddressableAssets.Settings.AddressableAssetGroup:Validate () (at Library/PackageCache/com.unity.addressables@1.19.19/Editor/Settings/AddressableAssetGroup.cs:448)
UnityEditor.AddressableAssets.Settings.AddressableAssetGroup:OnEnable () (at Library/PackageCache/com.unity.addressables@1.19.19/Editor/Settings/AddressableAssetGroup.cs:428)

(Filename: Library/PackageCache/com.unity.addressables@1.19.19/Editor/Settings/GroupSchemas/BundledAssetGroupSchema.cs Line: 561)

Default path variable Local.LoadPath not found when initializing BundledAssetGroupSchema. Please manually set the path via the groups window.
UnityEngine.StackTraceUtility:ExtractStackTrace ()
UnityEngine.DebugLogHandler:LogFormat (UnityEngine.LogType,UnityEngine.Object,string,object[])
UnityEngine.Logger:Log (UnityEngine.LogType,object)
UnityEngine.Debug:LogWarning (object)
UnityEditor.AddressableAssets.Settings.GroupSchemas.BundledAssetGroupSchema:SetPathVariable (UnityEditor.AddressableAssets.Settings.AddressableAssetSettings,UnityEditor.AddressableAssets.Settings.ProfileValueReference&,string,string,System.Collections.Generic.List`1<string>) (at Library/PackageCache/com.unity.addressables@1.19.19/Editor/Settings/GroupSchemas/BundledAssetGroupSchema.cs:561)
UnityEditor.AddressableAssets.Settings.GroupSchemas.BundledAssetGroupSchema:Validate () (at Library/PackageCache/com.unity.addressables@1.19.19/Editor/Settings/GroupSchemas/BundledAssetGroupSchema.cs:571)
UnityEditor.AddressableAssets.Settings.AddressableAssetGroup:Validate () (at Library/PackageCache/com.unity.addressables@1.19.19/Editor/Settings/AddressableAssetGroup.cs:448)
UnityEditor.AddressableAssets.Settings.AddressableAssetGroup:OnEnable () (at Library/PackageCache/com.unity.addressables@1.19.19/Editor/Settings/AddressableAssetGroup.cs:428)

(Filename: Library/PackageCache/com.unity.addressables@1.19.19/Editor/Settings/GroupSchemas/BundledAssetGroupSchema.cs Line: 561)

Default path variable Local.BuildPath not found when initializing BundledAssetGroupSchema. Please manually set the path via the groups window.
UnityEngine.StackTraceUtility:ExtractStackTrace ()
UnityEngine.DebugLogHandler:LogFormat (UnityEngine.LogType,UnityEngine.Object,string,object[])
UnityEngine.Logger:Log (UnityEngine.LogType,object)
UnityEngine.Debug:LogWarning (object)
UnityEditor.AddressableAssets.Settings.GroupSchemas.BundledAssetGroupSchema:SetPathVariable (UnityEditor.AddressableAssets.Settings.AddressableAssetSettings,UnityEditor.AddressableAssets.Settings.ProfileValueReference&,string,string,System.Collections.Generic.List`1<string>) (at Library/PackageCache/com.unity.addressables@1.19.19/Editor/Settings/GroupSchemas/BundledAssetGroupSchema.cs:561)
UnityEditor.AddressableAssets.Settings.GroupSchemas.BundledAssetGroupSchema:Validate () (at Library/PackageCache/com.unity.addressables@1.19.19/Editor/Settings/GroupSchemas/BundledAssetGroupSchema.cs:570)
UnityEditor.AddressableAssets.Settings.AddressableAssetGroup:Validate () (at Library/PackageCache/com.unity.addressables@1.19.19/Editor/Settings/AddressableAssetGroup.cs:448)
UnityEditor.AddressableAssets.Settings.AddressableAssetGroup:OnEnable () (at Library/PackageCache/com.unity.addressables@1.19.19/Editor/Settings/AddressableAssetGroup.cs:428)

(Filename: Library/PackageCache/com.unity.addressables@1.19.19/Editor/Settings/GroupSchemas/BundledAssetGroupSchema.cs Line: 561)

Default path variable Local.LoadPath not found when initializing BundledAssetGroupSchema. Please manually set the path via the groups window.
UnityEngine.StackTraceUtility:ExtractStackTrace ()
UnityEngine.DebugLogHandler:LogFormat (UnityEngine.LogType,UnityEngine.Object,string,object[])
UnityEngine.Logger:Log (UnityEngine.LogType,object)
UnityEngine.Debug:LogWarning (object)
UnityEditor.AddressableAssets.Settings.GroupSchemas.BundledAssetGroupSchema:SetPathVariable (UnityEditor.AddressableAssets.Settings.AddressableAssetSettings,UnityEditor.AddressableAssets.Settings.ProfileValueReference&,string,string,System.Collections.Generic.List`1<string>) (at Library/PackageCache/com.unity.addressables@1.19.19/Editor/Settings/GroupSchemas/BundledAssetGroupSchema.cs:561)
UnityEditor.AddressableAssets.Settings.GroupSchemas.BundledAssetGroupSchema:Validate () (at Library/PackageCache/com.unity.addressables@1.19.19/Editor/Settings/GroupSchemas/BundledAssetGroupSchema.cs:571)
UnityEditor.AddressableAssets.Settings.AddressableAssetGroup:Validate () (at Library/PackageCache/com.unity.addressables@1.19.19/Editor/Settings/AddressableAssetGroup.cs:448)
UnityEditor.AddressableAssets.Settings.AddressableAssetGroup:OnEnable () (at Library/PackageCache/com.unity.addressables@1.19.19/Editor/Settings/AddressableAssetGroup.cs:428)

(Filename: Library/PackageCache/com.unity.addressables@1.19.19/Editor/Settings/GroupSchemas/BundledAssetGroupSchema.cs Line: 561)

Default path variable Local.BuildPath not found when initializing BundledAssetGroupSchema. Please manually set the path via the groups window.
UnityEngine.StackTraceUtility:ExtractStackTrace ()
UnityEngine.DebugLogHandler:LogFormat (UnityEngine.LogType,UnityEngine.Object,string,object[])
UnityEngine.Logger:Log (UnityEngine.LogType,object)
UnityEngine.Debug:LogWarning (object)
UnityEditor.AddressableAssets.Settings.GroupSchemas.BundledAssetGroupSchema:SetPathVariable (UnityEditor.AddressableAssets.Settings.AddressableAssetSettings,UnityEditor.AddressableAssets.Settings.ProfileValueReference&,string,string,System.Collections.Generic.List`1<string>) (at Library/PackageCache/com.unity.addressables@1.19.19/Editor/Settings/GroupSchemas/BundledAssetGroupSchema.cs:561)
UnityEditor.AddressableAssets.Settings.GroupSchemas.BundledAssetGroupSchema:Validate () (at Library/PackageCache/com.unity.addressables@1.19.19/Editor/Settings/GroupSchemas/BundledAssetGroupSchema.cs:570)
UnityEditor.AddressableAssets.Settings.AddressableAssetGroup:Validate () (at Library/PackageCache/com.unity.addressables@1.19.19/Editor/Settings/AddressableAssetGroup.cs:448)
UnityEditor.AddressableAssets.Settings.AddressableAssetGroup:OnEnable () (at Library/PackageCache/com.unity.addressables@1.19.19/Editor/Settings/AddressableAssetGroup.cs:428)

(Filename: Library/PackageCache/com.unity.addressables@1.19.19/Editor/Settings/GroupSchemas/BundledAssetGroupSchema.cs Line: 561)

Default path variable Local.LoadPath not found when initializing BundledAssetGroupSchema. Please manually set the path via the groups window.
UnityEngine.StackTraceUtility:ExtractStackTrace ()
UnityEngine.DebugLogHandler:LogFormat (UnityEngine.LogType,UnityEngine.Object,string,object[])
UnityEngine.Logger:Log (UnityEngine.LogType,object)
UnityEngine.Debug:LogWarning (object)
UnityEditor.AddressableAssets.Settings.GroupSchemas.BundledAssetGroupSchema:SetPathVariable (UnityEditor.AddressableAssets.Settings.AddressableAssetSettings,UnityEditor.AddressableAssets.Settings.ProfileValueReference&,string,string,System.Collections.Generic.List`1<string>) (at Library/PackageCache/com.unity.addressables@1.19.19/Editor/Settings/GroupSchemas/BundledAssetGroupSchema.cs:561)
UnityEditor.AddressableAssets.Settings.GroupSchemas.BundledAssetGroupSchema:Validate () (at Library/PackageCache/com.unity.addressables@1.19.19/Editor/Settings/GroupSchemas/BundledAssetGroupSchema.cs:571)
UnityEditor.AddressableAssets.Settings.AddressableAssetGroup:Validate () (at Library/PackageCache/com.unity.addressables@1.19.19/Editor/Settings/AddressableAssetGroup.cs:448)
UnityEditor.AddressableAssets.Settings.AddressableAssetGroup:OnEnable () (at Library/PackageCache/com.unity.addressables@1.19.19/Editor/Settings/AddressableAssetGroup.cs:428)

(Filename: Library/PackageCache/com.unity.addressables@1.19.19/Editor/Settings/GroupSchemas/BundledAssetGroupSchema.cs Line: 561)

Mono: successfully reloaded assembly
- Completed reload, in  1.086 seconds
Domain Reload Profiling:
	ReloadAssembly (1087ms)
		BeginReloadAssembly (151ms)
			ExecutionOrderSort (0ms)
			DisableScriptedObjects (5ms)
			BackupInstance (0ms)
			ReleaseScriptingObjects (0ms)
			CreateAndSetChildDomain (41ms)
		EndReloadAssembly (844ms)
			LoadAssemblies (114ms)
			RebuildTransferFunctionScriptingTraits (0ms)
			SetupTypeCache (240ms)
			ReleaseScriptCaches (2ms)
			RebuildScriptCaches (42ms)
			SetupLoadedEditorAssemblies (372ms)
				LogAssemblyErrors (0ms)
				InitializePlatformSupportModulesInManaged (8ms)
				SetLoadedEditorAssemblies (0ms)
				RefreshPlugins (1ms)
				BeforeProcessingInitializeOnLoad (80ms)
				ProcessInitializeOnLoadAttributes (194ms)
				ProcessInitializeOnLoadMethodAttributes (86ms)
				AfterProcessingInitializeOnLoad (3ms)
				EditorAssembliesLoaded (0ms)
			ExecutionOrderSort2 (0ms)
			AwakeInstancesAfterBackupRestoration (43ms)
Platform modules already initialized, skipping
Refreshing native plugins compatible for Editor in 3.17 ms, found 3 plugins.
Preloading 0 native plugins for Editor in 0.00 ms.
Unloading 5385 Unused Serialized files (Serialized files now loaded: 0)
Unloading 30 unused Assets / (0.7 MB). Loaded Objects now: 6010.
Memory consumption went from 205.2 MB to 204.5 MB.
Total: 7.743100 ms (FindLiveObjects: 0.760000 ms CreateObjectMapping: 0.699900 ms MarkObjects: 5.170500 ms  DeleteObjects: 1.110700 ms)

AssetImportParameters requested are different than current active one (requested -> active):
  custom:video-decoder-ogg-theora: a1e56fd34408186e4bbccfd4996cb3dc -> 
  custom:container-muxer-webm: aa71ff27fc2769a1b78a27578f13a17b -> 
  custom:container-demuxer-webm: 4f35f7cbe854078d1ac9338744f61a02 -> 
  custom:video-encoder-webm-vp8: eb34c28f22e8b96e1ab97ce403110664 -> 
  custom:audio-encoder-webm-vorbis: bf7c407c2cedff20999df2af8eb42d56 -> 
  custom:framework-win-MediaFoundation: 216162199b28c13a410421893ffa2e32 -> 
  custom:container-demuxer-ogg: 62fdf1f143b41e24485cea50d1cbac27 -> 
  custom:video-decoder-webm-vp8: 9c59270c3fd7afecdb556c50c9e8de78 -> 
  custom:audio-decoder-ogg-vorbis: bf7c407c2cedff20999df2af8eb42d56 -> 
========================================================================
Received Import Request.
  Time since last request: 600.607582 seconds.
  path: Assets/Script/Build/MoChengBuildUtil.cs
  artifactKey: Guid(acb9631115085754497b11e73bfec8e3) Importer(815301076,1909f56bfc062723c751e8b465ee728b)
Start importing Assets/Script/Build/MoChengBuildUtil.cs using Guid(acb9631115085754497b11e73bfec8e3) Importer(815301076,1909f56bfc062723c751e8b465ee728b)  -> (artifact id: '25f7162f5663c0436e823d17898b24ee') in 0.007295 seconds 
========================================================================
Received Import Request.
  Time since last request: 0.273163 seconds.
  path: Assets/Script/Build/MoChengBuild.cs
  artifactKey: Guid(a5c86265763c0be44ac8c0f90789e190) Importer(815301076,1909f56bfc062723c751e8b465ee728b)
Start importing Assets/Script/Build/MoChengBuild.cs using Guid(a5c86265763c0be44ac8c0f90789e190) Importer(815301076,1909f56bfc062723c751e8b465ee728b)  -> (artifact id: '5ce0729a3d736f9854c542ebd8df7c1a') in 0.001778 seconds 
========================================================================
Received Import Request.
  Time since last request: 382.715736 seconds.
  path: Assets/TextMesh Pro
  artifactKey: Guid(f54d1bd14bd3ca042bd867b519fee8cc) Importer(815301076,1909f56bfc062723c751e8b465ee728b)
Start importing Assets/TextMesh Pro using Guid(f54d1bd14bd3ca042bd867b519fee8cc) Importer(815301076,1909f56bfc062723c751e8b465ee728b)  -> (artifact id: 'f5648c5ef36b7beab651a001a8d08867') in 0.002169 seconds 
========================================================================
Received Import Request.
  Time since last request: 58.319693 seconds.
  path: Assets/TutorialInfo
  artifactKey: Guid(ba062aa6c92b140379dbc06b43dd3b9b) Importer(815301076,1909f56bfc062723c751e8b465ee728b)
Start importing Assets/TutorialInfo using Guid(ba062aa6c92b140379dbc06b43dd3b9b) Importer(815301076,1909f56bfc062723c751e8b465ee728b)  -> (artifact id: '94fb6c6bacde1da6d0b7d43ec8d6e3b7') in 0.002333 seconds 
